<?xml version="1.0" encoding="UTF-8"?>
<robot generator="Robot 7.2.2 (Python 3.13.1 on win32)" generated="2025-05-13T13:04:07.019173" rpa="false" schemaversion="5">
<suite id="s1" name="018" source="C:\Users\marti\Desktop\School\3.semestr\testovani software\HOTOVO\MainPage\Automatické testy\TS018\Script\018.robot">
<kw name="Open Main Page" type="SETUP">
<kw name="Open Browser" owner="SeleniumLibrary">
<msg time="2025-05-13T13:04:07.548307" level="INFO">Opening browser 'Chrome' to base url 'https://www.dubnany.eu/'.</msg>
<arg>${URL}</arg>
<arg>${BROWSER}</arg>
<doc>Opens a new browser instance to the optional ``url``.</doc>
<status status="PASS" start="2025-05-13T13:04:07.547880" elapsed="4.514831"/>
</kw>
<kw name="Maximize Browser Window" owner="SeleniumLibrary">
<doc>Maximizes current browser window.</doc>
<status status="PASS" start="2025-05-13T13:04:12.063187" elapsed="0.161479"/>
</kw>
<kw name="Set Selenium Timeout" owner="SeleniumLibrary">
<arg>${TIMEOUT}</arg>
<doc>Sets the timeout that is used by various keywords.</doc>
<status status="PASS" start="2025-05-13T13:04:12.225052" elapsed="0.002578"/>
</kw>
<doc>Opens the target page and maximizes the browser</doc>
<status status="PASS" start="2025-05-13T13:04:07.546786" elapsed="4.681140"/>
</kw>
<test id="s1-t1" name="Test All Links Are Reachable" line="9">
<kw name="Get WebElements" owner="SeleniumLibrary">
<msg time="2025-05-13T13:04:12.280189" level="INFO">${anchors} = [&lt;selenium.webdriver.remote.webelement.WebElement (session="13ddf8de4342cd2076151c8c56f82ce7", element="f.DB28FF7CFCEE59CCE02E42351B8DF11E.d.75003587CC04AA4269CF55909B29F26F.e.80")&gt;, &lt;selenium.webdriv...</msg>
<var>${anchors}</var>
<arg>xpath=//a[@href]</arg>
<doc>Returns a list of WebElement objects matching the ``locator``.</doc>
<status status="PASS" start="2025-05-13T13:04:12.229687" elapsed="0.050601"/>
</kw>
<kw name="Get Length" owner="BuiltIn">
<msg time="2025-05-13T13:04:12.281283" level="INFO">Length is 293.</msg>
<msg time="2025-05-13T13:04:12.281483" level="INFO">${count} = 293</msg>
<var>${count}</var>
<arg>${anchors}</arg>
<doc>Returns and logs the length of the given item as an integer.</doc>
<status status="PASS" start="2025-05-13T13:04:12.280878" elapsed="0.000655"/>
</kw>
<kw name="Log" owner="BuiltIn">
<msg time="2025-05-13T13:04:12.282187" level="INFO">Found 293 links on the page</msg>
<arg>Found ${count} links on the page</arg>
<doc>Logs the given message with the given level.</doc>
<status status="PASS" start="2025-05-13T13:04:12.281925" elapsed="0.000344"/>
</kw>
<for flavor="IN">
<iter>
<kw name="Get Element Attribute" owner="SeleniumLibrary">
<msg time="2025-05-13T13:04:12.299947" level="INFO">${href} = https://www.dubnany.eu/#content-link</msg>
<var>${href}</var>
<arg>${anchor}</arg>
<arg>href</arg>
<doc>Returns the value of ``attribute`` from the element ``locator``.</doc>
<status status="PASS" start="2025-05-13T13:04:12.283057" elapsed="0.016972"/>
</kw>
<kw name="Run Keyword If" owner="BuiltIn">
<kw name="Continue For Loop" owner="BuiltIn">
<msg time="2025-05-13T13:04:12.300909" level="INFO">Continuing for loop from the next iteration.</msg>
<doc>Skips the current FOR loop iteration and continues from the next.</doc>
<status status="PASS" start="2025-05-13T13:04:12.300760" elapsed="0.000295"/>
</kw>
<arg>"'${href}'.startswith('mailto:')"</arg>
<arg>Continue For Loop</arg>
<doc>Runs the given keyword with the given arguments, if ``condition`` is true.</doc>
<status status="PASS" start="2025-05-13T13:04:12.300319" elapsed="0.000838"/>
</kw>
<kw name="Run Keyword If" owner="BuiltIn">
<arg>"'${href}'.startswith('javascript:')"</arg>
<arg>Continue For Loop</arg>
<doc>Runs the given keyword with the given arguments, if ``condition`` is true.</doc>
<status status="NOT RUN" start="2025-05-13T13:04:12.301334" elapsed="0.000046"/>
</kw>
<kw name="Log" owner="BuiltIn">
<arg>Testing link: ${href}</arg>
<doc>Logs the given message with the given level.</doc>
<status status="NOT RUN" start="2025-05-13T13:04:12.301528" elapsed="0.000041"/>
</kw>
<kw name="Go To" owner="SeleniumLibrary">
<arg>${href}</arg>
<doc>Navigates the current browser window to the provided ``url``.</doc>
<status status="NOT RUN" start="2025-05-13T13:04:12.301703" elapsed="0.000039"/>
</kw>
<kw name="Title Should Not Contain">
<arg>404</arg>
<status status="NOT RUN" start="2025-05-13T13:04:12.302301" elapsed="0.000074"/>
</kw>
<kw name="Location Should Be" owner="SeleniumLibrary">
<arg>${href}</arg>
<doc>Verifies that the current URL is exactly ``url``.</doc>
<status status="NOT RUN" start="2025-05-13T13:04:12.302557" elapsed="0.000048"/>
</kw>
<kw name="Go Back" owner="SeleniumLibrary">
<doc>Simulates the user clicking the back button on their browser.</doc>
<status status="NOT RUN" start="2025-05-13T13:04:12.302745" elapsed="0.000040"/>
</kw>
<var name="${anchor}">&lt;selenium.webdriver.remote.webelement.WebElement (session="13ddf8de4342cd2076151c8c56f82ce7", element="f.DB28FF7CFCEE59CCE02E42351B8DF11E.d.75003587CC04AA4269CF55909B29F26F.e.80")&gt;</var>
<status status="PASS" start="2025-05-13T13:04:12.282883" elapsed="0.019963"/>
</iter>
<iter>
<kw name="Get Element Attribute" owner="SeleniumLibrary">
<msg time="2025-05-13T13:04:12.315782" level="INFO">${href} = https://www.dubnany.eu/#menu-link</msg>
<var>${href}</var>
<arg>${anchor}</arg>
<arg>href</arg>
<doc>Returns the value of ``attribute`` from the element ``locator``.</doc>
<status status="PASS" start="2025-05-13T13:04:12.303247" elapsed="0.012645"/>
</kw>
<kw name="Run Keyword If" owner="BuiltIn">
<kw name="Continue For Loop" owner="BuiltIn">
<msg time="2025-05-13T13:04:12.317132" level="INFO">Continuing for loop from the next iteration.</msg>
<doc>Skips the current FOR loop iteration and continues from the next.</doc>
<status status="PASS" start="2025-05-13T13:04:12.316914" elapsed="0.000378"/>
</kw>
<arg>"'${href}'.startswith('mailto:')"</arg>
<arg>Continue For Loop</arg>
<doc>Runs the given keyword with the given arguments, if ``condition`` is true.</doc>
<status status="PASS" start="2025-05-13T13:04:12.316278" elapsed="0.001157"/>
</kw>
<kw name="Run Keyword If" owner="BuiltIn">
<arg>"'${href}'.startswith('javascript:')"</arg>
<arg>Continue For Loop</arg>
<doc>Runs the given keyword with the given arguments, if ``condition`` is true.</doc>
<status status="NOT RUN" start="2025-05-13T13:04:12.317719" elapsed="0.000073"/>
</kw>
<kw name="Log" owner="BuiltIn">
<arg>Testing link: ${href}</arg>
<doc>Logs the given message with the given level.</doc>
<status status="NOT RUN" start="2025-05-13T13:04:12.318024" elapsed="0.000066"/>
</kw>
<kw name="Go To" owner="SeleniumLibrary">
<arg>${href}</arg>
<doc>Navigates the current browser window to the provided ``url``.</doc>
<status status="NOT RUN" start="2025-05-13T13:04:12.318304" elapsed="0.000063"/>
</kw>
<kw name="Title Should Not Contain">
<arg>404</arg>
<status status="NOT RUN" start="2025-05-13T13:04:12.318590" elapsed="0.000046"/>
</kw>
<kw name="Location Should Be" owner="SeleniumLibrary">
<arg>${href}</arg>
<doc>Verifies that the current URL is exactly ``url``.</doc>
<status status="NOT RUN" start="2025-05-13T13:04:12.318798" elapsed="0.000042"/>
</kw>
<kw name="Go Back" owner="SeleniumLibrary">
<doc>Simulates the user clicking the back button on their browser.</doc>
<status status="NOT RUN" start="2025-05-13T13:04:12.318971" elapsed="0.000039"/>
</kw>
<var name="${anchor}">&lt;selenium.webdriver.remote.webelement.WebElement (session="13ddf8de4342cd2076151c8c56f82ce7", element="f.DB28FF7CFCEE59CCE02E42351B8DF11E.d.75003587CC04AA4269CF55909B29F26F.e.81")&gt;</var>
<status status="PASS" start="2025-05-13T13:04:12.303105" elapsed="0.015969"/>
</iter>
<iter>
<kw name="Get Element Attribute" owner="SeleniumLibrary">
<msg time="2025-05-13T13:04:12.330332" level="INFO">${href} = https://www.dubnany.eu/</msg>
<var>${href}</var>
<arg>${anchor}</arg>
<arg>href</arg>
<doc>Returns the value of ``attribute`` from the element ``locator``.</doc>
<status status="PASS" start="2025-05-13T13:04:12.319530" elapsed="0.010905"/>
</kw>
<kw name="Run Keyword If" owner="BuiltIn">
<kw name="Continue For Loop" owner="BuiltIn">
<msg time="2025-05-13T13:04:12.332003" level="INFO">Continuing for loop from the next iteration.</msg>
<doc>Skips the current FOR loop iteration and continues from the next.</doc>
<status status="PASS" start="2025-05-13T13:04:12.331856" elapsed="0.000254"/>
</kw>
<arg>"'${href}'.startswith('mailto:')"</arg>
<arg>Continue For Loop</arg>
<doc>Runs the given keyword with the given arguments, if ``condition`` is true.</doc>
<status status="PASS" start="2025-05-13T13:04:12.331418" elapsed="0.000781"/>
</kw>
<kw name="Run Keyword If" owner="BuiltIn">
<arg>"'${href}'.startswith('javascript:')"</arg>
<arg>Continue For Loop</arg>
<doc>Runs the given keyword with the given arguments, if ``condition`` is true.</doc>
<status status="NOT RUN" start="2025-05-13T13:04:12.332366" elapsed="0.000045"/>
</kw>
<kw name="Log" owner="BuiltIn">
<arg>Testing link: ${href}</arg>
<doc>Logs the given message with the given level.</doc>
<status status="NOT RUN" start="2025-05-13T13:04:12.332561" elapsed="0.000041"/>
</kw>
<kw name="Go To" owner="SeleniumLibrary">
<arg>${href}</arg>
<doc>Navigates the current browser window to the provided ``url``.</doc>
<status status="NOT RUN" start="2025-05-13T13:04:12.332736" elapsed="0.000038"/>
</kw>
<kw name="Title Should Not Contain">
<arg>404</arg>
<status status="NOT RUN" start="2025-05-13T13:04:12.332938" elapsed="0.000042"/>
</kw>
<kw name="Location Should Be" owner="SeleniumLibrary">
<arg>${href}</arg>
<doc>Verifies that the current URL is exactly ``url``.</doc>
<status status="NOT RUN" start="2025-05-13T13:04:12.333109" elapsed="0.000041"/>
</kw>
<kw name="Go Back" owner="SeleniumLibrary">
<doc>Simulates the user clicking the back button on their browser.</doc>
<status status="NOT RUN" start="2025-05-13T13:04:12.333288" elapsed="0.000039"/>
</kw>
<var name="${anchor}">&lt;selenium.webdriver.remote.webelement.WebElement (session="13ddf8de4342cd2076151c8c56f82ce7", element="f.DB28FF7CFCEE59CCE02E42351B8DF11E.d.75003587CC04AA4269CF55909B29F26F.e.82")&gt;</var>
<status status="PASS" start="2025-05-13T13:04:12.319382" elapsed="0.014000"/>
</iter>
<iter>
<kw name="Get Element Attribute" owner="SeleniumLibrary">
<msg time="2025-05-13T13:04:12.344242" level="INFO">${href} = https://www.dubnany.eu/</msg>
<var>${href}</var>
<arg>${anchor}</arg>
<arg>href</arg>
<doc>Returns the value of ``attribute`` from the element ``locator``.</doc>
<status status="PASS" start="2025-05-13T13:04:12.333903" elapsed="0.010456"/>
</kw>
<kw name="Run Keyword If" owner="BuiltIn">
<kw name="Continue For Loop" owner="BuiltIn">
<msg time="2025-05-13T13:04:12.346024" level="INFO">Continuing for loop from the next iteration.</msg>
<doc>Skips the current FOR loop iteration and continues from the next.</doc>
<status status="PASS" start="2025-05-13T13:04:12.345773" elapsed="0.000416"/>
</kw>
<arg>"'${href}'.startswith('mailto:')"</arg>
<arg>Continue For Loop</arg>
<doc>Runs the given keyword with the given arguments, if ``condition`` is true.</doc>
<status status="PASS" start="2025-05-13T13:04:12.344844" elapsed="0.001499"/>
</kw>
<kw name="Run Keyword If" owner="BuiltIn">
<arg>"'${href}'.startswith('javascript:')"</arg>
<arg>Continue For Loop</arg>
<doc>Runs the given keyword with the given arguments, if ``condition`` is true.</doc>
<status status="NOT RUN" start="2025-05-13T13:04:12.346665" elapsed="0.000079"/>
</kw>
<kw name="Log" owner="BuiltIn">
<arg>Testing link: ${href}</arg>
<doc>Logs the given message with the given level.</doc>
<status status="NOT RUN" start="2025-05-13T13:04:12.346910" elapsed="0.000053"/>
</kw>
<kw name="Go To" owner="SeleniumLibrary">
<arg>${href}</arg>
<doc>Navigates the current browser window to the provided ``url``.</doc>
<status status="NOT RUN" start="2025-05-13T13:04:12.347103" elapsed="0.000044"/>
</kw>
<kw name="Title Should Not Contain">
<arg>404</arg>
<status status="NOT RUN" start="2025-05-13T13:04:12.347352" elapsed="0.000058"/>
</kw>
<kw name="Location Should Be" owner="SeleniumLibrary">
<arg>${href}</arg>
<doc>Verifies that the current URL is exactly ``url``.</doc>
<status status="NOT RUN" start="2025-05-13T13:04:12.347582" elapsed="0.000043"/>
</kw>
<kw name="Go Back" owner="SeleniumLibrary">
<doc>Simulates the user clicking the back button on their browser.</doc>
<status status="NOT RUN" start="2025-05-13T13:04:12.347753" elapsed="0.000037"/>
</kw>
<var name="${anchor}">&lt;selenium.webdriver.remote.webelement.WebElement (session="13ddf8de4342cd2076151c8c56f82ce7", element="f.DB28FF7CFCEE59CCE02E42351B8DF11E.d.75003587CC04AA4269CF55909B29F26F.e.56")&gt;</var>
<status status="PASS" start="2025-05-13T13:04:12.333694" elapsed="0.014152"/>
</iter>
<iter>
<kw name="Get Element Attribute" owner="SeleniumLibrary">
<msg time="2025-05-13T13:04:12.357226" level="INFO">${href} = https://www.dubnany.eu/urad/</msg>
<var>${href}</var>
<arg>${anchor}</arg>
<arg>href</arg>
<doc>Returns the value of ``attribute`` from the element ``locator``.</doc>
<status status="PASS" start="2025-05-13T13:04:12.348237" elapsed="0.009068"/>
</kw>
<kw name="Run Keyword If" owner="BuiltIn">
<kw name="Continue For Loop" owner="BuiltIn">
<msg time="2025-05-13T13:04:12.358117" level="INFO">Continuing for loop from the next iteration.</msg>
<doc>Skips the current FOR loop iteration and continues from the next.</doc>
<status status="PASS" start="2025-05-13T13:04:12.357973" elapsed="0.000276"/>
</kw>
<arg>"'${href}'.startswith('mailto:')"</arg>
<arg>Continue For Loop</arg>
<doc>Runs the given keyword with the given arguments, if ``condition`` is true.</doc>
<status status="PASS" start="2025-05-13T13:04:12.357580" elapsed="0.000831"/>
</kw>
<kw name="Run Keyword If" owner="BuiltIn">
<arg>"'${href}'.startswith('javascript:')"</arg>
<arg>Continue For Loop</arg>
<doc>Runs the given keyword with the given arguments, if ``condition`` is true.</doc>
<status status="NOT RUN" start="2025-05-13T13:04:12.358666" elapsed="0.000065"/>
</kw>
<kw name="Log" owner="BuiltIn">
<arg>Testing link: ${href}</arg>
<doc>Logs the given message with the given level.</doc>
<status status="NOT RUN" start="2025-05-13T13:04:12.358954" elapsed="0.000062"/>
</kw>
<kw name="Go To" owner="SeleniumLibrary">
<arg>${href}</arg>
<doc>Navigates the current browser window to the provided ``url``.</doc>
<status status="NOT RUN" start="2025-05-13T13:04:12.359219" elapsed="0.000061"/>
</kw>
<kw name="Title Should Not Contain">
<arg>404</arg>
<status status="NOT RUN" start="2025-05-13T13:04:12.359873" elapsed="0.000079"/>
</kw>
<kw name="Location Should Be" owner="SeleniumLibrary">
<arg>${href}</arg>
<doc>Verifies that the current URL is exactly ``url``.</doc>
<status status="NOT RUN" start="2025-05-13T13:04:12.360190" elapsed="0.000065"/>
</kw>
<kw name="Go Back" owner="SeleniumLibrary">
<doc>Simulates the user clicking the back button on their browser.</doc>
<status status="NOT RUN" start="2025-05-13T13:04:12.360468" elapsed="0.000063"/>
</kw>
<var name="${anchor}">&lt;selenium.webdriver.remote.webelement.WebElement (session="13ddf8de4342cd2076151c8c56f82ce7", element="f.DB28FF7CFCEE59CCE02E42351B8DF11E.d.75003587CC04AA4269CF55909B29F26F.e.26")&gt;</var>
<status status="PASS" start="2025-05-13T13:04:12.348105" elapsed="0.012514"/>
</iter>
<iter>
<kw name="Get Element Attribute" owner="SeleniumLibrary">
<msg time="2025-05-13T13:04:12.375341" level="INFO">${href} = https://www.dubnany.eu/urad/odbory-meu-dubnany/</msg>
<var>${href}</var>
<arg>${anchor}</arg>
<arg>href</arg>
<doc>Returns the value of ``attribute`` from the element ``locator``.</doc>
<status status="PASS" start="2025-05-13T13:04:12.361297" elapsed="0.014124"/>
</kw>
<kw name="Run Keyword If" owner="BuiltIn">
<kw name="Continue For Loop" owner="BuiltIn">
<msg time="2025-05-13T13:04:12.376554" level="INFO">Continuing for loop from the next iteration.</msg>
<doc>Skips the current FOR loop iteration and continues from the next.</doc>
<status status="PASS" start="2025-05-13T13:04:12.376319" elapsed="0.000393"/>
</kw>
<arg>"'${href}'.startswith('mailto:')"</arg>
<arg>Continue For Loop</arg>
<doc>Runs the given keyword with the given arguments, if ``condition`` is true.</doc>
<status status="PASS" start="2025-05-13T13:04:12.375705" elapsed="0.001319"/>
</kw>
<kw name="Run Keyword If" owner="BuiltIn">
<arg>"'${href}'.startswith('javascript:')"</arg>
<arg>Continue For Loop</arg>
<doc>Runs the given keyword with the given arguments, if ``condition`` is true.</doc>
<status status="NOT RUN" start="2025-05-13T13:04:12.377273" elapsed="0.000057"/>
</kw>
<kw name="Log" owner="BuiltIn">
<arg>Testing link: ${href}</arg>
<doc>Logs the given message with the given level.</doc>
<status status="NOT RUN" start="2025-05-13T13:04:12.377486" elapsed="0.000041"/>
</kw>
<kw name="Go To" owner="SeleniumLibrary">
<arg>${href}</arg>
<doc>Navigates the current browser window to the provided ``url``.</doc>
<status status="NOT RUN" start="2025-05-13T13:04:12.377676" elapsed="0.000038"/>
</kw>
<kw name="Title Should Not Contain">
<arg>404</arg>
<status status="NOT RUN" start="2025-05-13T13:04:12.377956" elapsed="0.000084"/>
</kw>
<kw name="Location Should Be" owner="SeleniumLibrary">
<arg>${href}</arg>
<doc>Verifies that the current URL is exactly ``url``.</doc>
<status status="NOT RUN" start="2025-05-13T13:04:12.378269" elapsed="0.000069"/>
</kw>
<kw name="Go Back" owner="SeleniumLibrary">
<doc>Simulates the user clicking the back button on their browser.</doc>
<status status="NOT RUN" start="2025-05-13T13:04:12.378573" elapsed="0.000054"/>
</kw>
<var name="${anchor}">&lt;selenium.webdriver.remote.webelement.WebElement (session="13ddf8de4342cd2076151c8c56f82ce7", element="f.DB28FF7CFCEE59CCE02E42351B8DF11E.d.75003587CC04AA4269CF55909B29F26F.e.83")&gt;</var>
<status status="PASS" start="2025-05-13T13:04:12.361072" elapsed="0.017643"/>
</iter>
<iter>
<kw name="Get Element Attribute" owner="SeleniumLibrary">
<msg time="2025-05-13T13:04:12.388947" level="INFO">${href} = https://www.dubnany.eu/urad/elektronicka-podatelna/</msg>
<var>${href}</var>
<arg>${anchor}</arg>
<arg>href</arg>
<doc>Returns the value of ``attribute`` from the element ``locator``.</doc>
<status status="PASS" start="2025-05-13T13:04:12.379355" elapsed="0.009673"/>
</kw>
<kw name="Run Keyword If" owner="BuiltIn">
<kw name="Continue For Loop" owner="BuiltIn">
<msg time="2025-05-13T13:04:12.389994" level="INFO">Continuing for loop from the next iteration.</msg>
<doc>Skips the current FOR loop iteration and continues from the next.</doc>
<status status="PASS" start="2025-05-13T13:04:12.389837" elapsed="0.000299"/>
</kw>
<arg>"'${href}'.startswith('mailto:')"</arg>
<arg>Continue For Loop</arg>
<doc>Runs the given keyword with the given arguments, if ``condition`` is true.</doc>
<status status="PASS" start="2025-05-13T13:04:12.389369" elapsed="0.000875"/>
</kw>
<kw name="Run Keyword If" owner="BuiltIn">
<arg>"'${href}'.startswith('javascript:')"</arg>
<arg>Continue For Loop</arg>
<doc>Runs the given keyword with the given arguments, if ``condition`` is true.</doc>
<status status="NOT RUN" start="2025-05-13T13:04:12.390432" elapsed="0.000055"/>
</kw>
<kw name="Log" owner="BuiltIn">
<arg>Testing link: ${href}</arg>
<doc>Logs the given message with the given level.</doc>
<status status="NOT RUN" start="2025-05-13T13:04:12.390646" elapsed="0.000040"/>
</kw>
<kw name="Go To" owner="SeleniumLibrary">
<arg>${href}</arg>
<doc>Navigates the current browser window to the provided ``url``.</doc>
<status status="NOT RUN" start="2025-05-13T13:04:12.390850" elapsed="0.000043"/>
</kw>
<kw name="Title Should Not Contain">
<arg>404</arg>
<status status="NOT RUN" start="2025-05-13T13:04:12.391079" elapsed="0.000043"/>
</kw>
<kw name="Location Should Be" owner="SeleniumLibrary">
<arg>${href}</arg>
<doc>Verifies that the current URL is exactly ``url``.</doc>
<status status="NOT RUN" start="2025-05-13T13:04:12.391271" elapsed="0.000049"/>
</kw>
<kw name="Go Back" owner="SeleniumLibrary">
<doc>Simulates the user clicking the back button on their browser.</doc>
<status status="NOT RUN" start="2025-05-13T13:04:12.391449" elapsed="0.000036"/>
</kw>
<var name="${anchor}">&lt;selenium.webdriver.remote.webelement.WebElement (session="13ddf8de4342cd2076151c8c56f82ce7", element="f.DB28FF7CFCEE59CCE02E42351B8DF11E.d.75003587CC04AA4269CF55909B29F26F.e.84")&gt;</var>
<status status="PASS" start="2025-05-13T13:04:12.379146" elapsed="0.012394"/>
</iter>
<iter>
<kw name="Get Element Attribute" owner="SeleniumLibrary">
<msg time="2025-05-13T13:04:12.401131" level="INFO">${href} = https://www.dubnany.eu/urad/uredni-deska/</msg>
<var>${href}</var>
<arg>${anchor}</arg>
<arg>href</arg>
<doc>Returns the value of ``attribute`` from the element ``locator``.</doc>
<status status="PASS" start="2025-05-13T13:04:12.391891" elapsed="0.009319"/>
</kw>
<kw name="Run Keyword If" owner="BuiltIn">
<kw name="Continue For Loop" owner="BuiltIn">
<msg time="2025-05-13T13:04:12.402002" level="INFO">Continuing for loop from the next iteration.</msg>
<doc>Skips the current FOR loop iteration and continues from the next.</doc>
<status status="PASS" start="2025-05-13T13:04:12.401865" elapsed="0.000238"/>
</kw>
<arg>"'${href}'.startswith('mailto:')"</arg>
<arg>Continue For Loop</arg>
<doc>Runs the given keyword with the given arguments, if ``condition`` is true.</doc>
<status status="PASS" start="2025-05-13T13:04:12.401479" elapsed="0.000709"/>
</kw>
<kw name="Run Keyword If" owner="BuiltIn">
<arg>"'${href}'.startswith('javascript:')"</arg>
<arg>Continue For Loop</arg>
<doc>Runs the given keyword with the given arguments, if ``condition`` is true.</doc>
<status status="NOT RUN" start="2025-05-13T13:04:12.402379" elapsed="0.000044"/>
</kw>
<kw name="Log" owner="BuiltIn">
<arg>Testing link: ${href}</arg>
<doc>Logs the given message with the given level.</doc>
<status status="NOT RUN" start="2025-05-13T13:04:12.402577" elapsed="0.000041"/>
</kw>
<kw name="Go To" owner="SeleniumLibrary">
<arg>${href}</arg>
<doc>Navigates the current browser window to the provided ``url``.</doc>
<status status="NOT RUN" start="2025-05-13T13:04:12.402753" elapsed="0.000038"/>
</kw>
<kw name="Title Should Not Contain">
<arg>404</arg>
<status status="NOT RUN" start="2025-05-13T13:04:12.402955" elapsed="0.000041"/>
</kw>
<kw name="Location Should Be" owner="SeleniumLibrary">
<arg>${href}</arg>
<doc>Verifies that the current URL is exactly ``url``.</doc>
<status status="NOT RUN" start="2025-05-13T13:04:12.403125" elapsed="0.000039"/>
</kw>
<kw name="Go Back" owner="SeleniumLibrary">
<doc>Simulates the user clicking the back button on their browser.</doc>
<status status="NOT RUN" start="2025-05-13T13:04:12.403286" elapsed="0.000036"/>
</kw>
<var name="${anchor}">&lt;selenium.webdriver.remote.webelement.WebElement (session="13ddf8de4342cd2076151c8c56f82ce7", element="f.DB28FF7CFCEE59CCE02E42351B8DF11E.d.75003587CC04AA4269CF55909B29F26F.e.85")&gt;</var>
<status status="PASS" start="2025-05-13T13:04:12.391765" elapsed="0.011611"/>
</iter>
<iter>
<kw name="Get Element Attribute" owner="SeleniumLibrary">
<msg time="2025-05-13T13:04:12.412534" level="INFO">${href} = https://www.dubnany.eu/urad/platne-vyhlasky-a-narizeni-1/</msg>
<var>${href}</var>
<arg>${anchor}</arg>
<arg>href</arg>
<doc>Returns the value of ``attribute`` from the element ``locator``.</doc>
<status status="PASS" start="2025-05-13T13:04:12.403728" elapsed="0.008887"/>
</kw>
<kw name="Run Keyword If" owner="BuiltIn">
<kw name="Continue For Loop" owner="BuiltIn">
<msg time="2025-05-13T13:04:12.413465" level="INFO">Continuing for loop from the next iteration.</msg>
<doc>Skips the current FOR loop iteration and continues from the next.</doc>
<status status="PASS" start="2025-05-13T13:04:12.413318" elapsed="0.000251"/>
</kw>
<arg>"'${href}'.startswith('mailto:')"</arg>
<arg>Continue For Loop</arg>
<doc>Runs the given keyword with the given arguments, if ``condition`` is true.</doc>
<status status="PASS" start="2025-05-13T13:04:12.412889" elapsed="0.000796"/>
</kw>
<kw name="Run Keyword If" owner="BuiltIn">
<arg>"'${href}'.startswith('javascript:')"</arg>
<arg>Continue For Loop</arg>
<doc>Runs the given keyword with the given arguments, if ``condition`` is true.</doc>
<status status="NOT RUN" start="2025-05-13T13:04:12.413856" elapsed="0.000145"/>
</kw>
<kw name="Log" owner="BuiltIn">
<arg>Testing link: ${href}</arg>
<doc>Logs the given message with the given level.</doc>
<status status="NOT RUN" start="2025-05-13T13:04:12.414155" elapsed="0.000041"/>
</kw>
<kw name="Go To" owner="SeleniumLibrary">
<arg>${href}</arg>
<doc>Navigates the current browser window to the provided ``url``.</doc>
<status status="NOT RUN" start="2025-05-13T13:04:12.414331" elapsed="0.000040"/>
</kw>
<kw name="Title Should Not Contain">
<arg>404</arg>
<status status="NOT RUN" start="2025-05-13T13:04:12.414531" elapsed="0.000047"/>
</kw>
<kw name="Location Should Be" owner="SeleniumLibrary">
<arg>${href}</arg>
<doc>Verifies that the current URL is exactly ``url``.</doc>
<status status="NOT RUN" start="2025-05-13T13:04:12.414709" elapsed="0.000039"/>
</kw>
<kw name="Go Back" owner="SeleniumLibrary">
<doc>Simulates the user clicking the back button on their browser.</doc>
<status status="NOT RUN" start="2025-05-13T13:04:12.414873" elapsed="0.000036"/>
</kw>
<var name="${anchor}">&lt;selenium.webdriver.remote.webelement.WebElement (session="13ddf8de4342cd2076151c8c56f82ce7", element="f.DB28FF7CFCEE59CCE02E42351B8DF11E.d.75003587CC04AA4269CF55909B29F26F.e.86")&gt;</var>
<status status="PASS" start="2025-05-13T13:04:12.403601" elapsed="0.011365"/>
</iter>
<iter>
<kw name="Get Element Attribute" owner="SeleniumLibrary">
<msg time="2025-05-13T13:04:12.424993" level="INFO">${href} = https://www.dubnany.eu/urad/dokumenty-a-formulare-ke-stazeni/</msg>
<var>${href}</var>
<arg>${anchor}</arg>
<arg>href</arg>
<doc>Returns the value of ``attribute`` from the element ``locator``.</doc>
<status status="PASS" start="2025-05-13T13:04:12.415321" elapsed="0.009752"/>
</kw>
<kw name="Run Keyword If" owner="BuiltIn">
<kw name="Continue For Loop" owner="BuiltIn">
<msg time="2025-05-13T13:04:12.425887" level="INFO">Continuing for loop from the next iteration.</msg>
<doc>Skips the current FOR loop iteration and continues from the next.</doc>
<status status="PASS" start="2025-05-13T13:04:12.425744" elapsed="0.000266"/>
</kw>
<arg>"'${href}'.startswith('mailto:')"</arg>
<arg>Continue For Loop</arg>
<doc>Runs the given keyword with the given arguments, if ``condition`` is true.</doc>
<status status="PASS" start="2025-05-13T13:04:12.425348" elapsed="0.000786"/>
</kw>
<kw name="Run Keyword If" owner="BuiltIn">
<arg>"'${href}'.startswith('javascript:')"</arg>
<arg>Continue For Loop</arg>
<doc>Runs the given keyword with the given arguments, if ``condition`` is true.</doc>
<status status="NOT RUN" start="2025-05-13T13:04:12.426308" elapsed="0.000046"/>
</kw>
<kw name="Log" owner="BuiltIn">
<arg>Testing link: ${href}</arg>
<doc>Logs the given message with the given level.</doc>
<status status="NOT RUN" start="2025-05-13T13:04:12.426495" elapsed="0.000039"/>
</kw>
<kw name="Go To" owner="SeleniumLibrary">
<arg>${href}</arg>
<doc>Navigates the current browser window to the provided ``url``.</doc>
<status status="NOT RUN" start="2025-05-13T13:04:12.426668" elapsed="0.000056"/>
</kw>
<kw name="Title Should Not Contain">
<arg>404</arg>
<status status="NOT RUN" start="2025-05-13T13:04:12.426898" elapsed="0.000041"/>
</kw>
<kw name="Location Should Be" owner="SeleniumLibrary">
<arg>${href}</arg>
<doc>Verifies that the current URL is exactly ``url``.</doc>
<status status="NOT RUN" start="2025-05-13T13:04:12.427072" elapsed="0.000038"/>
</kw>
<kw name="Go Back" owner="SeleniumLibrary">
<doc>Simulates the user clicking the back button on their browser.</doc>
<status status="NOT RUN" start="2025-05-13T13:04:12.427234" elapsed="0.000038"/>
</kw>
<var name="${anchor}">&lt;selenium.webdriver.remote.webelement.WebElement (session="13ddf8de4342cd2076151c8c56f82ce7", element="f.DB28FF7CFCEE59CCE02E42351B8DF11E.d.75003587CC04AA4269CF55909B29F26F.e.87")&gt;</var>
<status status="PASS" start="2025-05-13T13:04:12.415190" elapsed="0.012138"/>
</iter>
<iter>
<kw name="Get Element Attribute" owner="SeleniumLibrary">
<msg time="2025-05-13T13:04:12.436110" level="INFO">${href} = https://www.dubnany.eu/urad/dokumenty-a-formulare-ke-stazeni/dokumenty-ke-stazeni-mestsky-urad/</msg>
<var>${href}</var>
<arg>${anchor}</arg>
<arg>href</arg>
<doc>Returns the value of ``attribute`` from the element ``locator``.</doc>
<status status="PASS" start="2025-05-13T13:04:12.427749" elapsed="0.008442"/>
</kw>
<kw name="Run Keyword If" owner="BuiltIn">
<kw name="Continue For Loop" owner="BuiltIn">
<msg time="2025-05-13T13:04:12.437003" level="INFO">Continuing for loop from the next iteration.</msg>
<doc>Skips the current FOR loop iteration and continues from the next.</doc>
<status status="PASS" start="2025-05-13T13:04:12.436864" elapsed="0.000245"/>
</kw>
<arg>"'${href}'.startswith('mailto:')"</arg>
<arg>Continue For Loop</arg>
<doc>Runs the given keyword with the given arguments, if ``condition`` is true.</doc>
<status status="PASS" start="2025-05-13T13:04:12.436462" elapsed="0.000753"/>
</kw>
<kw name="Run Keyword If" owner="BuiltIn">
<arg>"'${href}'.startswith('javascript:')"</arg>
<arg>Continue For Loop</arg>
<doc>Runs the given keyword with the given arguments, if ``condition`` is true.</doc>
<status status="NOT RUN" start="2025-05-13T13:04:12.437381" elapsed="0.000044"/>
</kw>
<kw name="Log" owner="BuiltIn">
<arg>Testing link: ${href}</arg>
<doc>Logs the given message with the given level.</doc>
<status status="NOT RUN" start="2025-05-13T13:04:12.437565" elapsed="0.000040"/>
</kw>
<kw name="Go To" owner="SeleniumLibrary">
<arg>${href}</arg>
<doc>Navigates the current browser window to the provided ``url``.</doc>
<status status="NOT RUN" start="2025-05-13T13:04:12.437736" elapsed="0.000038"/>
</kw>
<kw name="Title Should Not Contain">
<arg>404</arg>
<status status="NOT RUN" start="2025-05-13T13:04:12.437933" elapsed="0.000048"/>
</kw>
<kw name="Location Should Be" owner="SeleniumLibrary">
<arg>${href}</arg>
<doc>Verifies that the current URL is exactly ``url``.</doc>
<status status="NOT RUN" start="2025-05-13T13:04:12.438116" elapsed="0.000041"/>
</kw>
<kw name="Go Back" owner="SeleniumLibrary">
<doc>Simulates the user clicking the back button on their browser.</doc>
<status status="NOT RUN" start="2025-05-13T13:04:12.438276" elapsed="0.000036"/>
</kw>
<var name="${anchor}">&lt;selenium.webdriver.remote.webelement.WebElement (session="13ddf8de4342cd2076151c8c56f82ce7", element="f.DB28FF7CFCEE59CCE02E42351B8DF11E.d.75003587CC04AA4269CF55909B29F26F.e.88")&gt;</var>
<status status="PASS" start="2025-05-13T13:04:12.427598" elapsed="0.010769"/>
</iter>
<iter>
<kw name="Get Element Attribute" owner="SeleniumLibrary">
<msg time="2025-05-13T13:04:12.447184" level="INFO">${href} = https://www.dubnany.eu/urad/povinne-zverejnovane-informace/</msg>
<var>${href}</var>
<arg>${anchor}</arg>
<arg>href</arg>
<doc>Returns the value of ``attribute`` from the element ``locator``.</doc>
<status status="PASS" start="2025-05-13T13:04:12.438748" elapsed="0.008512"/>
</kw>
<kw name="Run Keyword If" owner="BuiltIn">
<kw name="Continue For Loop" owner="BuiltIn">
<msg time="2025-05-13T13:04:12.448059" level="INFO">Continuing for loop from the next iteration.</msg>
<doc>Skips the current FOR loop iteration and continues from the next.</doc>
<status status="PASS" start="2025-05-13T13:04:12.447919" elapsed="0.000253"/>
</kw>
<arg>"'${href}'.startswith('mailto:')"</arg>
<arg>Continue For Loop</arg>
<doc>Runs the given keyword with the given arguments, if ``condition`` is true.</doc>
<status status="PASS" start="2025-05-13T13:04:12.447531" elapsed="0.001353"/>
</kw>
<kw name="Run Keyword If" owner="BuiltIn">
<arg>"'${href}'.startswith('javascript:')"</arg>
<arg>Continue For Loop</arg>
<doc>Runs the given keyword with the given arguments, if ``condition`` is true.</doc>
<status status="NOT RUN" start="2025-05-13T13:04:12.449092" elapsed="0.000062"/>
</kw>
<kw name="Log" owner="BuiltIn">
<arg>Testing link: ${href}</arg>
<doc>Logs the given message with the given level.</doc>
<status status="NOT RUN" start="2025-05-13T13:04:12.449497" elapsed="0.000050"/>
</kw>
<kw name="Go To" owner="SeleniumLibrary">
<arg>${href}</arg>
<doc>Navigates the current browser window to the provided ``url``.</doc>
<status status="NOT RUN" start="2025-05-13T13:04:12.449691" elapsed="0.000039"/>
</kw>
<kw name="Title Should Not Contain">
<arg>404</arg>
<status status="NOT RUN" start="2025-05-13T13:04:12.449894" elapsed="0.000041"/>
</kw>
<kw name="Location Should Be" owner="SeleniumLibrary">
<arg>${href}</arg>
<doc>Verifies that the current URL is exactly ``url``.</doc>
<status status="NOT RUN" start="2025-05-13T13:04:12.450064" elapsed="0.000040"/>
</kw>
<kw name="Go Back" owner="SeleniumLibrary">
<doc>Simulates the user clicking the back button on their browser.</doc>
<status status="NOT RUN" start="2025-05-13T13:04:12.450224" elapsed="0.000036"/>
</kw>
<var name="${anchor}">&lt;selenium.webdriver.remote.webelement.WebElement (session="13ddf8de4342cd2076151c8c56f82ce7", element="f.DB28FF7CFCEE59CCE02E42351B8DF11E.d.75003587CC04AA4269CF55909B29F26F.e.89")&gt;</var>
<status status="PASS" start="2025-05-13T13:04:12.438604" elapsed="0.011731"/>
</iter>
<iter>
<kw name="Get Element Attribute" owner="SeleniumLibrary">
<msg time="2025-05-13T13:04:12.458180" level="INFO">${href} = https://www.dubnany.eu/urad/zadost-o-poskytnuti-informace/</msg>
<var>${href}</var>
<arg>${anchor}</arg>
<arg>href</arg>
<doc>Returns the value of ``attribute`` from the element ``locator``.</doc>
<status status="PASS" start="2025-05-13T13:04:12.450702" elapsed="0.007542"/>
</kw>
<kw name="Run Keyword If" owner="BuiltIn">
<kw name="Continue For Loop" owner="BuiltIn">
<msg time="2025-05-13T13:04:12.459055" level="INFO">Continuing for loop from the next iteration.</msg>
<doc>Skips the current FOR loop iteration and continues from the next.</doc>
<status status="PASS" start="2025-05-13T13:04:12.458917" elapsed="0.000255"/>
</kw>
<arg>"'${href}'.startswith('mailto:')"</arg>
<arg>Continue For Loop</arg>
<doc>Runs the given keyword with the given arguments, if ``condition`` is true.</doc>
<status status="PASS" start="2025-05-13T13:04:12.458503" elapsed="0.000800"/>
</kw>
<kw name="Run Keyword If" owner="BuiltIn">
<arg>"'${href}'.startswith('javascript:')"</arg>
<arg>Continue For Loop</arg>
<doc>Runs the given keyword with the given arguments, if ``condition`` is true.</doc>
<status status="NOT RUN" start="2025-05-13T13:04:12.459646" elapsed="0.000081"/>
</kw>
<kw name="Log" owner="BuiltIn">
<arg>Testing link: ${href}</arg>
<doc>Logs the given message with the given level.</doc>
<status status="NOT RUN" start="2025-05-13T13:04:12.459950" elapsed="0.000079"/>
</kw>
<kw name="Go To" owner="SeleniumLibrary">
<arg>${href}</arg>
<doc>Navigates the current browser window to the provided ``url``.</doc>
<status status="NOT RUN" start="2025-05-13T13:04:12.460197" elapsed="0.000044"/>
</kw>
<kw name="Title Should Not Contain">
<arg>404</arg>
<status status="NOT RUN" start="2025-05-13T13:04:12.460423" elapsed="0.000044"/>
</kw>
<kw name="Location Should Be" owner="SeleniumLibrary">
<arg>${href}</arg>
<doc>Verifies that the current URL is exactly ``url``.</doc>
<status status="NOT RUN" start="2025-05-13T13:04:12.460606" elapsed="0.000039"/>
</kw>
<kw name="Go Back" owner="SeleniumLibrary">
<doc>Simulates the user clicking the back button on their browser.</doc>
<status status="NOT RUN" start="2025-05-13T13:04:12.460772" elapsed="0.000036"/>
</kw>
<var name="${anchor}">&lt;selenium.webdriver.remote.webelement.WebElement (session="13ddf8de4342cd2076151c8c56f82ce7", element="f.DB28FF7CFCEE59CCE02E42351B8DF11E.d.75003587CC04AA4269CF55909B29F26F.e.90")&gt;</var>
<status status="PASS" start="2025-05-13T13:04:12.450573" elapsed="0.010293"/>
</iter>
<iter>
<kw name="Get Element Attribute" owner="SeleniumLibrary">
<msg time="2025-05-13T13:04:12.470848" level="INFO">${href} = https://www.dubnany.eu/urad/poskytnute-informace/</msg>
<var>${href}</var>
<arg>${anchor}</arg>
<arg>href</arg>
<doc>Returns the value of ``attribute`` from the element ``locator``.</doc>
<status status="PASS" start="2025-05-13T13:04:12.461404" elapsed="0.009536"/>
</kw>
<kw name="Run Keyword If" owner="BuiltIn">
<kw name="Continue For Loop" owner="BuiltIn">
<msg time="2025-05-13T13:04:12.472019" level="INFO">Continuing for loop from the next iteration.</msg>
<doc>Skips the current FOR loop iteration and continues from the next.</doc>
<status status="PASS" start="2025-05-13T13:04:12.471755" elapsed="0.000438"/>
</kw>
<arg>"'${href}'.startswith('mailto:')"</arg>
<arg>Continue For Loop</arg>
<doc>Runs the given keyword with the given arguments, if ``condition`` is true.</doc>
<status status="PASS" start="2025-05-13T13:04:12.471276" elapsed="0.001047"/>
</kw>
<kw name="Run Keyword If" owner="BuiltIn">
<arg>"'${href}'.startswith('javascript:')"</arg>
<arg>Continue For Loop</arg>
<doc>Runs the given keyword with the given arguments, if ``condition`` is true.</doc>
<status status="NOT RUN" start="2025-05-13T13:04:12.472568" elapsed="0.000062"/>
</kw>
<kw name="Log" owner="BuiltIn">
<arg>Testing link: ${href}</arg>
<doc>Logs the given message with the given level.</doc>
<status status="NOT RUN" start="2025-05-13T13:04:12.472840" elapsed="0.000056"/>
</kw>
<kw name="Go To" owner="SeleniumLibrary">
<arg>${href}</arg>
<doc>Navigates the current browser window to the provided ``url``.</doc>
<status status="NOT RUN" start="2025-05-13T13:04:12.473089" elapsed="0.000055"/>
</kw>
<kw name="Title Should Not Contain">
<arg>404</arg>
<status status="NOT RUN" start="2025-05-13T13:04:12.473365" elapsed="0.000057"/>
</kw>
<kw name="Location Should Be" owner="SeleniumLibrary">
<arg>${href}</arg>
<doc>Verifies that the current URL is exactly ``url``.</doc>
<status status="NOT RUN" start="2025-05-13T13:04:12.473606" elapsed="0.000081"/>
</kw>
<kw name="Go Back" owner="SeleniumLibrary">
<doc>Simulates the user clicking the back button on their browser.</doc>
<status status="NOT RUN" start="2025-05-13T13:04:12.473876" elapsed="0.000055"/>
</kw>
<var name="${anchor}">&lt;selenium.webdriver.remote.webelement.WebElement (session="13ddf8de4342cd2076151c8c56f82ce7", element="f.DB28FF7CFCEE59CCE02E42351B8DF11E.d.75003587CC04AA4269CF55909B29F26F.e.91")&gt;</var>
<status status="PASS" start="2025-05-13T13:04:12.461141" elapsed="0.012936"/>
</iter>
<iter>
<kw name="Get Element Attribute" owner="SeleniumLibrary">
<msg time="2025-05-13T13:04:12.485512" level="INFO">${href} = https://www.dubnany.eu/urad/informace-o-zpracovani-osobnich-udaju/</msg>
<var>${href}</var>
<arg>${anchor}</arg>
<arg>href</arg>
<doc>Returns the value of ``attribute`` from the element ``locator``.</doc>
<status status="PASS" start="2025-05-13T13:04:12.474586" elapsed="0.011006"/>
</kw>
<kw name="Run Keyword If" owner="BuiltIn">
<kw name="Continue For Loop" owner="BuiltIn">
<msg time="2025-05-13T13:04:12.486379" level="INFO">Continuing for loop from the next iteration.</msg>
<doc>Skips the current FOR loop iteration and continues from the next.</doc>
<status status="PASS" start="2025-05-13T13:04:12.486238" elapsed="0.000243"/>
</kw>
<arg>"'${href}'.startswith('mailto:')"</arg>
<arg>Continue For Loop</arg>
<doc>Runs the given keyword with the given arguments, if ``condition`` is true.</doc>
<status status="PASS" start="2025-05-13T13:04:12.485860" elapsed="0.000707"/>
</kw>
<kw name="Run Keyword If" owner="BuiltIn">
<arg>"'${href}'.startswith('javascript:')"</arg>
<arg>Continue For Loop</arg>
<doc>Runs the given keyword with the given arguments, if ``condition`` is true.</doc>
<status status="NOT RUN" start="2025-05-13T13:04:12.486757" elapsed="0.000046"/>
</kw>
<kw name="Log" owner="BuiltIn">
<arg>Testing link: ${href}</arg>
<doc>Logs the given message with the given level.</doc>
<status status="NOT RUN" start="2025-05-13T13:04:12.486946" elapsed="0.000049"/>
</kw>
<kw name="Go To" owner="SeleniumLibrary">
<arg>${href}</arg>
<doc>Navigates the current browser window to the provided ``url``.</doc>
<status status="NOT RUN" start="2025-05-13T13:04:12.487138" elapsed="0.000133"/>
</kw>
<kw name="Title Should Not Contain">
<arg>404</arg>
<status status="NOT RUN" start="2025-05-13T13:04:12.487449" elapsed="0.000043"/>
</kw>
<kw name="Location Should Be" owner="SeleniumLibrary">
<arg>${href}</arg>
<doc>Verifies that the current URL is exactly ``url``.</doc>
<status status="NOT RUN" start="2025-05-13T13:04:12.487627" elapsed="0.000039"/>
</kw>
<kw name="Go Back" owner="SeleniumLibrary">
<doc>Simulates the user clicking the back button on their browser.</doc>
<status status="NOT RUN" start="2025-05-13T13:04:12.487789" elapsed="0.000036"/>
</kw>
<var name="${anchor}">&lt;selenium.webdriver.remote.webelement.WebElement (session="13ddf8de4342cd2076151c8c56f82ce7", element="f.DB28FF7CFCEE59CCE02E42351B8DF11E.d.75003587CC04AA4269CF55909B29F26F.e.92")&gt;</var>
<status status="PASS" start="2025-05-13T13:04:12.474406" elapsed="0.013475"/>
</iter>
<iter>
<kw name="Get Element Attribute" owner="SeleniumLibrary">
<msg time="2025-05-13T13:04:12.497464" level="INFO">${href} = https://www.dubnany.eu/urad/rozpocet-mesta/</msg>
<var>${href}</var>
<arg>${anchor}</arg>
<arg>href</arg>
<doc>Returns the value of ``attribute`` from the element ``locator``.</doc>
<status status="PASS" start="2025-05-13T13:04:12.488235" elapsed="0.009311"/>
</kw>
<kw name="Run Keyword If" owner="BuiltIn">
<kw name="Continue For Loop" owner="BuiltIn">
<msg time="2025-05-13T13:04:12.498335" level="INFO">Continuing for loop from the next iteration.</msg>
<doc>Skips the current FOR loop iteration and continues from the next.</doc>
<status status="PASS" start="2025-05-13T13:04:12.498199" elapsed="0.000237"/>
</kw>
<arg>"'${href}'.startswith('mailto:')"</arg>
<arg>Continue For Loop</arg>
<doc>Runs the given keyword with the given arguments, if ``condition`` is true.</doc>
<status status="PASS" start="2025-05-13T13:04:12.497818" elapsed="0.000729"/>
</kw>
<kw name="Run Keyword If" owner="BuiltIn">
<arg>"'${href}'.startswith('javascript:')"</arg>
<arg>Continue For Loop</arg>
<doc>Runs the given keyword with the given arguments, if ``condition`` is true.</doc>
<status status="NOT RUN" start="2025-05-13T13:04:12.498712" elapsed="0.000043"/>
</kw>
<kw name="Log" owner="BuiltIn">
<arg>Testing link: ${href}</arg>
<doc>Logs the given message with the given level.</doc>
<status status="NOT RUN" start="2025-05-13T13:04:12.498893" elapsed="0.000039"/>
</kw>
<kw name="Go To" owner="SeleniumLibrary">
<arg>${href}</arg>
<doc>Navigates the current browser window to the provided ``url``.</doc>
<status status="NOT RUN" start="2025-05-13T13:04:12.499087" elapsed="0.000069"/>
</kw>
<kw name="Title Should Not Contain">
<arg>404</arg>
<status status="NOT RUN" start="2025-05-13T13:04:12.499381" elapsed="0.000047"/>
</kw>
<kw name="Location Should Be" owner="SeleniumLibrary">
<arg>${href}</arg>
<doc>Verifies that the current URL is exactly ``url``.</doc>
<status status="NOT RUN" start="2025-05-13T13:04:12.499566" elapsed="0.000043"/>
</kw>
<kw name="Go Back" owner="SeleniumLibrary">
<doc>Simulates the user clicking the back button on their browser.</doc>
<status status="NOT RUN" start="2025-05-13T13:04:12.499738" elapsed="0.000037"/>
</kw>
<var name="${anchor}">&lt;selenium.webdriver.remote.webelement.WebElement (session="13ddf8de4342cd2076151c8c56f82ce7", element="f.DB28FF7CFCEE59CCE02E42351B8DF11E.d.75003587CC04AA4269CF55909B29F26F.e.93")&gt;</var>
<status status="PASS" start="2025-05-13T13:04:12.488106" elapsed="0.011724"/>
</iter>
<iter>
<kw name="Get Element Attribute" owner="SeleniumLibrary">
<msg time="2025-05-13T13:04:12.507392" level="INFO">${href} = https://www.dubnany.eu/urad/rozpocet-mesta/rozklikavaci-rozpocet/</msg>
<var>${href}</var>
<arg>${anchor}</arg>
<arg>href</arg>
<doc>Returns the value of ``attribute`` from the element ``locator``.</doc>
<status status="PASS" start="2025-05-13T13:04:12.500199" elapsed="0.007255"/>
</kw>
<kw name="Run Keyword If" owner="BuiltIn">
<kw name="Continue For Loop" owner="BuiltIn">
<msg time="2025-05-13T13:04:12.508136" level="INFO">Continuing for loop from the next iteration.</msg>
<doc>Skips the current FOR loop iteration and continues from the next.</doc>
<status status="PASS" start="2025-05-13T13:04:12.508003" elapsed="0.000228"/>
</kw>
<arg>"'${href}'.startswith('mailto:')"</arg>
<arg>Continue For Loop</arg>
<doc>Runs the given keyword with the given arguments, if ``condition`` is true.</doc>
<status status="PASS" start="2025-05-13T13:04:12.507659" elapsed="0.000655"/>
</kw>
<kw name="Run Keyword If" owner="BuiltIn">
<arg>"'${href}'.startswith('javascript:')"</arg>
<arg>Continue For Loop</arg>
<doc>Runs the given keyword with the given arguments, if ``condition`` is true.</doc>
<status status="NOT RUN" start="2025-05-13T13:04:12.508473" elapsed="0.000044"/>
</kw>
<kw name="Log" owner="BuiltIn">
<arg>Testing link: ${href}</arg>
<doc>Logs the given message with the given level.</doc>
<status status="NOT RUN" start="2025-05-13T13:04:12.508708" elapsed="0.000043"/>
</kw>
<kw name="Go To" owner="SeleniumLibrary">
<arg>${href}</arg>
<doc>Navigates the current browser window to the provided ``url``.</doc>
<status status="NOT RUN" start="2025-05-13T13:04:12.508886" elapsed="0.000040"/>
</kw>
<kw name="Title Should Not Contain">
<arg>404</arg>
<status status="NOT RUN" start="2025-05-13T13:04:12.509087" elapsed="0.000042"/>
</kw>
<kw name="Location Should Be" owner="SeleniumLibrary">
<arg>${href}</arg>
<doc>Verifies that the current URL is exactly ``url``.</doc>
<status status="NOT RUN" start="2025-05-13T13:04:12.509261" elapsed="0.000039"/>
</kw>
<kw name="Go Back" owner="SeleniumLibrary">
<doc>Simulates the user clicking the back button on their browser.</doc>
<status status="NOT RUN" start="2025-05-13T13:04:12.509427" elapsed="0.000050"/>
</kw>
<var name="${anchor}">&lt;selenium.webdriver.remote.webelement.WebElement (session="13ddf8de4342cd2076151c8c56f82ce7", element="f.DB28FF7CFCEE59CCE02E42351B8DF11E.d.75003587CC04AA4269CF55909B29F26F.e.94")&gt;</var>
<status status="PASS" start="2025-05-13T13:04:12.500068" elapsed="0.009470"/>
</iter>
<iter>
<kw name="Get Element Attribute" owner="SeleniumLibrary">
<msg time="2025-05-13T13:04:12.517514" level="INFO">${href} = https://www.dubnany.eu/urad/uzemni-plan/</msg>
<var>${href}</var>
<arg>${anchor}</arg>
<arg>href</arg>
<doc>Returns the value of ``attribute`` from the element ``locator``.</doc>
<status status="PASS" start="2025-05-13T13:04:12.510002" elapsed="0.007586"/>
</kw>
<kw name="Run Keyword If" owner="BuiltIn">
<kw name="Continue For Loop" owner="BuiltIn">
<msg time="2025-05-13T13:04:12.518408" level="INFO">Continuing for loop from the next iteration.</msg>
<doc>Skips the current FOR loop iteration and continues from the next.</doc>
<status status="PASS" start="2025-05-13T13:04:12.518221" elapsed="0.000293"/>
</kw>
<arg>"'${href}'.startswith('mailto:')"</arg>
<arg>Continue For Loop</arg>
<doc>Runs the given keyword with the given arguments, if ``condition`` is true.</doc>
<status status="PASS" start="2025-05-13T13:04:12.517844" elapsed="0.000756"/>
</kw>
<kw name="Run Keyword If" owner="BuiltIn">
<arg>"'${href}'.startswith('javascript:')"</arg>
<arg>Continue For Loop</arg>
<doc>Runs the given keyword with the given arguments, if ``condition`` is true.</doc>
<status status="NOT RUN" start="2025-05-13T13:04:12.518782" elapsed="0.000047"/>
</kw>
<kw name="Log" owner="BuiltIn">
<arg>Testing link: ${href}</arg>
<doc>Logs the given message with the given level.</doc>
<status status="NOT RUN" start="2025-05-13T13:04:12.518969" elapsed="0.000039"/>
</kw>
<kw name="Go To" owner="SeleniumLibrary">
<arg>${href}</arg>
<doc>Navigates the current browser window to the provided ``url``.</doc>
<status status="NOT RUN" start="2025-05-13T13:04:12.519147" elapsed="0.000040"/>
</kw>
<kw name="Title Should Not Contain">
<arg>404</arg>
<status status="NOT RUN" start="2025-05-13T13:04:12.519361" elapsed="0.000062"/>
</kw>
<kw name="Location Should Be" owner="SeleniumLibrary">
<arg>${href}</arg>
<doc>Verifies that the current URL is exactly ``url``.</doc>
<status status="NOT RUN" start="2025-05-13T13:04:12.519792" elapsed="0.000055"/>
</kw>
<kw name="Go Back" owner="SeleniumLibrary">
<doc>Simulates the user clicking the back button on their browser.</doc>
<status status="NOT RUN" start="2025-05-13T13:04:12.519991" elapsed="0.000041"/>
</kw>
<var name="${anchor}">&lt;selenium.webdriver.remote.webelement.WebElement (session="13ddf8de4342cd2076151c8c56f82ce7", element="f.DB28FF7CFCEE59CCE02E42351B8DF11E.d.75003587CC04AA4269CF55909B29F26F.e.95")&gt;</var>
<status status="PASS" start="2025-05-13T13:04:12.509801" elapsed="0.010289"/>
</iter>
<iter>
<kw name="Get Element Attribute" owner="SeleniumLibrary">
<msg time="2025-05-13T13:04:12.531608" level="INFO">${href} = https://www.dubnany.eu/urad/uzemni-studie/</msg>
<var>${href}</var>
<arg>${anchor}</arg>
<arg>href</arg>
<doc>Returns the value of ``attribute`` from the element ``locator``.</doc>
<status status="PASS" start="2025-05-13T13:04:12.520509" elapsed="0.011178"/>
</kw>
<kw name="Run Keyword If" owner="BuiltIn">
<kw name="Continue For Loop" owner="BuiltIn">
<msg time="2025-05-13T13:04:12.532483" level="INFO">Continuing for loop from the next iteration.</msg>
<doc>Skips the current FOR loop iteration and continues from the next.</doc>
<status status="PASS" start="2025-05-13T13:04:12.532343" elapsed="0.000244"/>
</kw>
<arg>"'${href}'.startswith('mailto:')"</arg>
<arg>Continue For Loop</arg>
<doc>Runs the given keyword with the given arguments, if ``condition`` is true.</doc>
<status status="PASS" start="2025-05-13T13:04:12.531956" elapsed="0.000717"/>
</kw>
<kw name="Run Keyword If" owner="BuiltIn">
<arg>"'${href}'.startswith('javascript:')"</arg>
<arg>Continue For Loop</arg>
<doc>Runs the given keyword with the given arguments, if ``condition`` is true.</doc>
<status status="NOT RUN" start="2025-05-13T13:04:12.532862" elapsed="0.000103"/>
</kw>
<kw name="Log" owner="BuiltIn">
<arg>Testing link: ${href}</arg>
<doc>Logs the given message with the given level.</doc>
<status status="NOT RUN" start="2025-05-13T13:04:12.533116" elapsed="0.000041"/>
</kw>
<kw name="Go To" owner="SeleniumLibrary">
<arg>${href}</arg>
<doc>Navigates the current browser window to the provided ``url``.</doc>
<status status="NOT RUN" start="2025-05-13T13:04:12.533296" elapsed="0.000040"/>
</kw>
<kw name="Title Should Not Contain">
<arg>404</arg>
<status status="NOT RUN" start="2025-05-13T13:04:12.533496" elapsed="0.000040"/>
</kw>
<kw name="Location Should Be" owner="SeleniumLibrary">
<arg>${href}</arg>
<doc>Verifies that the current URL is exactly ``url``.</doc>
<status status="NOT RUN" start="2025-05-13T13:04:12.533669" elapsed="0.000039"/>
</kw>
<kw name="Go Back" owner="SeleniumLibrary">
<doc>Simulates the user clicking the back button on their browser.</doc>
<status status="NOT RUN" start="2025-05-13T13:04:12.533831" elapsed="0.000037"/>
</kw>
<var name="${anchor}">&lt;selenium.webdriver.remote.webelement.WebElement (session="13ddf8de4342cd2076151c8c56f82ce7", element="f.DB28FF7CFCEE59CCE02E42351B8DF11E.d.75003587CC04AA4269CF55909B29F26F.e.96")&gt;</var>
<status status="PASS" start="2025-05-13T13:04:12.520329" elapsed="0.013593"/>
</iter>
<iter>
<kw name="Get Element Attribute" owner="SeleniumLibrary">
<msg time="2025-05-13T13:04:12.541245" level="INFO">${href} = https://www.dubnany.eu/urad/informace-o-vykonu-socialne-pravni-ochrany-deti/</msg>
<var>${href}</var>
<arg>${anchor}</arg>
<arg>href</arg>
<doc>Returns the value of ``attribute`` from the element ``locator``.</doc>
<status status="PASS" start="2025-05-13T13:04:12.534278" elapsed="0.007030"/>
</kw>
<kw name="Run Keyword If" owner="BuiltIn">
<kw name="Continue For Loop" owner="BuiltIn">
<msg time="2025-05-13T13:04:12.542067" level="INFO">Continuing for loop from the next iteration.</msg>
<doc>Skips the current FOR loop iteration and continues from the next.</doc>
<status status="PASS" start="2025-05-13T13:04:12.541927" elapsed="0.000235"/>
</kw>
<arg>"'${href}'.startswith('mailto:')"</arg>
<arg>Continue For Loop</arg>
<doc>Runs the given keyword with the given arguments, if ``condition`` is true.</doc>
<status status="PASS" start="2025-05-13T13:04:12.541551" elapsed="0.000696"/>
</kw>
<kw name="Run Keyword If" owner="BuiltIn">
<arg>"'${href}'.startswith('javascript:')"</arg>
<arg>Continue For Loop</arg>
<doc>Runs the given keyword with the given arguments, if ``condition`` is true.</doc>
<status status="NOT RUN" start="2025-05-13T13:04:12.542416" elapsed="0.000045"/>
</kw>
<kw name="Log" owner="BuiltIn">
<arg>Testing link: ${href}</arg>
<doc>Logs the given message with the given level.</doc>
<status status="NOT RUN" start="2025-05-13T13:04:12.542676" elapsed="0.000094"/>
</kw>
<kw name="Go To" owner="SeleniumLibrary">
<arg>${href}</arg>
<doc>Navigates the current browser window to the provided ``url``.</doc>
<status status="NOT RUN" start="2025-05-13T13:04:12.543109" elapsed="0.000075"/>
</kw>
<kw name="Title Should Not Contain">
<arg>404</arg>
<status status="NOT RUN" start="2025-05-13T13:04:12.543438" elapsed="0.000066"/>
</kw>
<kw name="Location Should Be" owner="SeleniumLibrary">
<arg>${href}</arg>
<doc>Verifies that the current URL is exactly ``url``.</doc>
<status status="NOT RUN" start="2025-05-13T13:04:12.543741" elapsed="0.000070"/>
</kw>
<kw name="Go Back" owner="SeleniumLibrary">
<doc>Simulates the user clicking the back button on their browser.</doc>
<status status="NOT RUN" start="2025-05-13T13:04:12.544036" elapsed="0.000125"/>
</kw>
<var name="${anchor}">&lt;selenium.webdriver.remote.webelement.WebElement (session="13ddf8de4342cd2076151c8c56f82ce7", element="f.DB28FF7CFCEE59CCE02E42351B8DF11E.d.75003587CC04AA4269CF55909B29F26F.e.97")&gt;</var>
<status status="PASS" start="2025-05-13T13:04:12.534147" elapsed="0.010121"/>
</iter>
<iter>
<kw name="Get Element Attribute" owner="SeleniumLibrary">
<msg time="2025-05-13T13:04:12.552610" level="INFO">${href} = https://www.dubnany.eu/urad/bezplatna-mistni-autobusova-doprava-pro-seniory/</msg>
<var>${href}</var>
<arg>${anchor}</arg>
<arg>href</arg>
<doc>Returns the value of ``attribute`` from the element ``locator``.</doc>
<status status="PASS" start="2025-05-13T13:04:12.544752" elapsed="0.007928"/>
</kw>
<kw name="Run Keyword If" owner="BuiltIn">
<kw name="Continue For Loop" owner="BuiltIn">
<msg time="2025-05-13T13:04:12.553437" level="INFO">Continuing for loop from the next iteration.</msg>
<doc>Skips the current FOR loop iteration and continues from the next.</doc>
<status status="PASS" start="2025-05-13T13:04:12.553297" elapsed="0.000245"/>
</kw>
<arg>"'${href}'.startswith('mailto:')"</arg>
<arg>Continue For Loop</arg>
<doc>Runs the given keyword with the given arguments, if ``condition`` is true.</doc>
<status status="PASS" start="2025-05-13T13:04:12.552919" elapsed="0.000708"/>
</kw>
<kw name="Run Keyword If" owner="BuiltIn">
<arg>"'${href}'.startswith('javascript:')"</arg>
<arg>Continue For Loop</arg>
<doc>Runs the given keyword with the given arguments, if ``condition`` is true.</doc>
<status status="NOT RUN" start="2025-05-13T13:04:12.553789" elapsed="0.000044"/>
</kw>
<kw name="Log" owner="BuiltIn">
<arg>Testing link: ${href}</arg>
<doc>Logs the given message with the given level.</doc>
<status status="NOT RUN" start="2025-05-13T13:04:12.554001" elapsed="0.000040"/>
</kw>
<kw name="Go To" owner="SeleniumLibrary">
<arg>${href}</arg>
<doc>Navigates the current browser window to the provided ``url``.</doc>
<status status="NOT RUN" start="2025-05-13T13:04:12.554178" elapsed="0.000039"/>
</kw>
<kw name="Title Should Not Contain">
<arg>404</arg>
<status status="NOT RUN" start="2025-05-13T13:04:12.554380" elapsed="0.000040"/>
</kw>
<kw name="Location Should Be" owner="SeleniumLibrary">
<arg>${href}</arg>
<doc>Verifies that the current URL is exactly ``url``.</doc>
<status status="NOT RUN" start="2025-05-13T13:04:12.554589" elapsed="0.000058"/>
</kw>
<kw name="Go Back" owner="SeleniumLibrary">
<doc>Simulates the user clicking the back button on their browser.</doc>
<status status="NOT RUN" start="2025-05-13T13:04:12.554898" elapsed="0.000047"/>
</kw>
<var name="${anchor}">&lt;selenium.webdriver.remote.webelement.WebElement (session="13ddf8de4342cd2076151c8c56f82ce7", element="f.DB28FF7CFCEE59CCE02E42351B8DF11E.d.75003587CC04AA4269CF55909B29F26F.e.98")&gt;</var>
<status status="PASS" start="2025-05-13T13:04:12.544593" elapsed="0.010432"/>
</iter>
<iter>
<kw name="Get Element Attribute" owner="SeleniumLibrary">
<msg time="2025-05-13T13:04:12.566640" level="INFO">${href} = https://www.dubnany.eu/urad/informace-o-covid-19/</msg>
<var>${href}</var>
<arg>${anchor}</arg>
<arg>href</arg>
<doc>Returns the value of ``attribute`` from the element ``locator``.</doc>
<status status="PASS" start="2025-05-13T13:04:12.555493" elapsed="0.011224"/>
</kw>
<kw name="Run Keyword If" owner="BuiltIn">
<kw name="Continue For Loop" owner="BuiltIn">
<msg time="2025-05-13T13:04:12.567512" level="INFO">Continuing for loop from the next iteration.</msg>
<doc>Skips the current FOR loop iteration and continues from the next.</doc>
<status status="PASS" start="2025-05-13T13:04:12.567371" elapsed="0.000245"/>
</kw>
<arg>"'${href}'.startswith('mailto:')"</arg>
<arg>Continue For Loop</arg>
<doc>Runs the given keyword with the given arguments, if ``condition`` is true.</doc>
<status status="PASS" start="2025-05-13T13:04:12.566987" elapsed="0.000713"/>
</kw>
<kw name="Run Keyword If" owner="BuiltIn">
<arg>"'${href}'.startswith('javascript:')"</arg>
<arg>Continue For Loop</arg>
<doc>Runs the given keyword with the given arguments, if ``condition`` is true.</doc>
<status status="NOT RUN" start="2025-05-13T13:04:12.567888" elapsed="0.000045"/>
</kw>
<kw name="Log" owner="BuiltIn">
<arg>Testing link: ${href}</arg>
<doc>Logs the given message with the given level.</doc>
<status status="NOT RUN" start="2025-05-13T13:04:12.568074" elapsed="0.000040"/>
</kw>
<kw name="Go To" owner="SeleniumLibrary">
<arg>${href}</arg>
<doc>Navigates the current browser window to the provided ``url``.</doc>
<status status="NOT RUN" start="2025-05-13T13:04:12.568253" elapsed="0.000038"/>
</kw>
<kw name="Title Should Not Contain">
<arg>404</arg>
<status status="NOT RUN" start="2025-05-13T13:04:12.568454" elapsed="0.000041"/>
</kw>
<kw name="Location Should Be" owner="SeleniumLibrary">
<arg>${href}</arg>
<doc>Verifies that the current URL is exactly ``url``.</doc>
<status status="NOT RUN" start="2025-05-13T13:04:12.568629" elapsed="0.000056"/>
</kw>
<kw name="Go Back" owner="SeleniumLibrary">
<doc>Simulates the user clicking the back button on their browser.</doc>
<status status="NOT RUN" start="2025-05-13T13:04:12.568887" elapsed="0.000049"/>
</kw>
<var name="${anchor}">&lt;selenium.webdriver.remote.webelement.WebElement (session="13ddf8de4342cd2076151c8c56f82ce7", element="f.DB28FF7CFCEE59CCE02E42351B8DF11E.d.75003587CC04AA4269CF55909B29F26F.e.99")&gt;</var>
<status status="PASS" start="2025-05-13T13:04:12.555344" elapsed="0.013662"/>
</iter>
<iter>
<kw name="Get Element Attribute" owner="SeleniumLibrary">
<msg time="2025-05-13T13:04:12.576677" level="INFO">${href} = https://www.dubnany.eu/urad/obce-pomahaji-ukrajine/</msg>
<var>${href}</var>
<arg>${anchor}</arg>
<arg>href</arg>
<doc>Returns the value of ``attribute`` from the element ``locator``.</doc>
<status status="PASS" start="2025-05-13T13:04:12.569387" elapsed="0.007362"/>
</kw>
<kw name="Run Keyword If" owner="BuiltIn">
<kw name="Continue For Loop" owner="BuiltIn">
<msg time="2025-05-13T13:04:12.577511" level="INFO">Continuing for loop from the next iteration.</msg>
<doc>Skips the current FOR loop iteration and continues from the next.</doc>
<status status="PASS" start="2025-05-13T13:04:12.577372" elapsed="0.000242"/>
</kw>
<arg>"'${href}'.startswith('mailto:')"</arg>
<arg>Continue For Loop</arg>
<doc>Runs the given keyword with the given arguments, if ``condition`` is true.</doc>
<status status="PASS" start="2025-05-13T13:04:12.577001" elapsed="0.000700"/>
</kw>
<kw name="Run Keyword If" owner="BuiltIn">
<arg>"'${href}'.startswith('javascript:')"</arg>
<arg>Continue For Loop</arg>
<doc>Runs the given keyword with the given arguments, if ``condition`` is true.</doc>
<status status="NOT RUN" start="2025-05-13T13:04:12.577908" elapsed="0.000048"/>
</kw>
<kw name="Log" owner="BuiltIn">
<arg>Testing link: ${href}</arg>
<doc>Logs the given message with the given level.</doc>
<status status="NOT RUN" start="2025-05-13T13:04:12.578106" elapsed="0.000042"/>
</kw>
<kw name="Go To" owner="SeleniumLibrary">
<arg>${href}</arg>
<doc>Navigates the current browser window to the provided ``url``.</doc>
<status status="NOT RUN" start="2025-05-13T13:04:12.578326" elapsed="0.000041"/>
</kw>
<kw name="Title Should Not Contain">
<arg>404</arg>
<status status="NOT RUN" start="2025-05-13T13:04:12.578531" elapsed="0.000040"/>
</kw>
<kw name="Location Should Be" owner="SeleniumLibrary">
<arg>${href}</arg>
<doc>Verifies that the current URL is exactly ``url``.</doc>
<status status="NOT RUN" start="2025-05-13T13:04:12.578701" elapsed="0.000044"/>
</kw>
<kw name="Go Back" owner="SeleniumLibrary">
<doc>Simulates the user clicking the back button on their browser.</doc>
<status status="NOT RUN" start="2025-05-13T13:04:12.578872" elapsed="0.000037"/>
</kw>
<var name="${anchor}">&lt;selenium.webdriver.remote.webelement.WebElement (session="13ddf8de4342cd2076151c8c56f82ce7", element="f.DB28FF7CFCEE59CCE02E42351B8DF11E.d.75003587CC04AA4269CF55909B29F26F.e.100")&gt;</var>
<status status="PASS" start="2025-05-13T13:04:12.569248" elapsed="0.009715"/>
</iter>
<iter>
<kw name="Get Element Attribute" owner="SeleniumLibrary">
<msg time="2025-05-13T13:04:12.587059" level="INFO">${href} = https://www.dubnany.eu/mesto/</msg>
<var>${href}</var>
<arg>${anchor}</arg>
<arg>href</arg>
<doc>Returns the value of ``attribute`` from the element ``locator``.</doc>
<status status="PASS" start="2025-05-13T13:04:12.579454" elapsed="0.007679"/>
</kw>
<kw name="Run Keyword If" owner="BuiltIn">
<kw name="Continue For Loop" owner="BuiltIn">
<msg time="2025-05-13T13:04:12.587972" level="INFO">Continuing for loop from the next iteration.</msg>
<doc>Skips the current FOR loop iteration and continues from the next.</doc>
<status status="PASS" start="2025-05-13T13:04:12.587822" elapsed="0.000249"/>
</kw>
<arg>"'${href}'.startswith('mailto:')"</arg>
<arg>Continue For Loop</arg>
<doc>Runs the given keyword with the given arguments, if ``condition`` is true.</doc>
<status status="PASS" start="2025-05-13T13:04:12.587392" elapsed="0.000780"/>
</kw>
<kw name="Run Keyword If" owner="BuiltIn">
<arg>"'${href}'.startswith('javascript:')"</arg>
<arg>Continue For Loop</arg>
<doc>Runs the given keyword with the given arguments, if ``condition`` is true.</doc>
<status status="NOT RUN" start="2025-05-13T13:04:12.588360" elapsed="0.000052"/>
</kw>
<kw name="Log" owner="BuiltIn">
<arg>Testing link: ${href}</arg>
<doc>Logs the given message with the given level.</doc>
<status status="NOT RUN" start="2025-05-13T13:04:12.588609" elapsed="0.000046"/>
</kw>
<kw name="Go To" owner="SeleniumLibrary">
<arg>${href}</arg>
<doc>Navigates the current browser window to the provided ``url``.</doc>
<status status="NOT RUN" start="2025-05-13T13:04:12.588803" elapsed="0.000040"/>
</kw>
<kw name="Title Should Not Contain">
<arg>404</arg>
<status status="NOT RUN" start="2025-05-13T13:04:12.589040" elapsed="0.000048"/>
</kw>
<kw name="Location Should Be" owner="SeleniumLibrary">
<arg>${href}</arg>
<doc>Verifies that the current URL is exactly ``url``.</doc>
<status status="NOT RUN" start="2025-05-13T13:04:12.589225" elapsed="0.000039"/>
</kw>
<kw name="Go Back" owner="SeleniumLibrary">
<doc>Simulates the user clicking the back button on their browser.</doc>
<status status="NOT RUN" start="2025-05-13T13:04:12.589390" elapsed="0.000036"/>
</kw>
<var name="${anchor}">&lt;selenium.webdriver.remote.webelement.WebElement (session="13ddf8de4342cd2076151c8c56f82ce7", element="f.DB28FF7CFCEE59CCE02E42351B8DF11E.d.75003587CC04AA4269CF55909B29F26F.e.27")&gt;</var>
<status status="PASS" start="2025-05-13T13:04:12.579265" elapsed="0.010215"/>
</iter>
<iter>
<kw name="Get Element Attribute" owner="SeleniumLibrary">
<msg time="2025-05-13T13:04:12.600125" level="INFO">${href} = https://www.dubnany.eu/mesto/aktuality/</msg>
<var>${href}</var>
<arg>${anchor}</arg>
<arg>href</arg>
<doc>Returns the value of ``attribute`` from the element ``locator``.</doc>
<status status="PASS" start="2025-05-13T13:04:12.590058" elapsed="0.010148"/>
</kw>
<kw name="Run Keyword If" owner="BuiltIn">
<kw name="Continue For Loop" owner="BuiltIn">
<msg time="2025-05-13T13:04:12.601003" level="INFO">Continuing for loop from the next iteration.</msg>
<doc>Skips the current FOR loop iteration and continues from the next.</doc>
<status status="PASS" start="2025-05-13T13:04:12.600863" elapsed="0.000246"/>
</kw>
<arg>"'${href}'.startswith('mailto:')"</arg>
<arg>Continue For Loop</arg>
<doc>Runs the given keyword with the given arguments, if ``condition`` is true.</doc>
<status status="PASS" start="2025-05-13T13:04:12.600483" elapsed="0.000712"/>
</kw>
<kw name="Run Keyword If" owner="BuiltIn">
<arg>"'${href}'.startswith('javascript:')"</arg>
<arg>Continue For Loop</arg>
<doc>Runs the given keyword with the given arguments, if ``condition`` is true.</doc>
<status status="NOT RUN" start="2025-05-13T13:04:12.601387" elapsed="0.000046"/>
</kw>
<kw name="Log" owner="BuiltIn">
<arg>Testing link: ${href}</arg>
<doc>Logs the given message with the given level.</doc>
<status status="NOT RUN" start="2025-05-13T13:04:12.601578" elapsed="0.000039"/>
</kw>
<kw name="Go To" owner="SeleniumLibrary">
<arg>${href}</arg>
<doc>Navigates the current browser window to the provided ``url``.</doc>
<status status="NOT RUN" start="2025-05-13T13:04:12.601756" elapsed="0.000039"/>
</kw>
<kw name="Title Should Not Contain">
<arg>404</arg>
<status status="NOT RUN" start="2025-05-13T13:04:12.601958" elapsed="0.000048"/>
</kw>
<kw name="Location Should Be" owner="SeleniumLibrary">
<arg>${href}</arg>
<doc>Verifies that the current URL is exactly ``url``.</doc>
<status status="NOT RUN" start="2025-05-13T13:04:12.602139" elapsed="0.000038"/>
</kw>
<kw name="Go Back" owner="SeleniumLibrary">
<doc>Simulates the user clicking the back button on their browser.</doc>
<status status="NOT RUN" start="2025-05-13T13:04:12.602305" elapsed="0.000037"/>
</kw>
<var name="${anchor}">&lt;selenium.webdriver.remote.webelement.WebElement (session="13ddf8de4342cd2076151c8c56f82ce7", element="f.DB28FF7CFCEE59CCE02E42351B8DF11E.d.75003587CC04AA4269CF55909B29F26F.e.101")&gt;</var>
<status status="PASS" start="2025-05-13T13:04:12.589854" elapsed="0.012543"/>
</iter>
<iter>
<kw name="Get Element Attribute" owner="SeleniumLibrary">
<msg time="2025-05-13T13:04:12.612391" level="INFO">${href} = https://www.dubnany.eu/mesto/informace-o-meste/</msg>
<var>${href}</var>
<arg>${anchor}</arg>
<arg>href</arg>
<doc>Returns the value of ``attribute`` from the element ``locator``.</doc>
<status status="PASS" start="2025-05-13T13:04:12.602758" elapsed="0.009710"/>
</kw>
<kw name="Run Keyword If" owner="BuiltIn">
<kw name="Continue For Loop" owner="BuiltIn">
<msg time="2025-05-13T13:04:12.613272" level="INFO">Continuing for loop from the next iteration.</msg>
<doc>Skips the current FOR loop iteration and continues from the next.</doc>
<status status="PASS" start="2025-05-13T13:04:12.613133" elapsed="0.000267"/>
</kw>
<arg>"'${href}'.startswith('mailto:')"</arg>
<arg>Continue For Loop</arg>
<doc>Runs the given keyword with the given arguments, if ``condition`` is true.</doc>
<status status="PASS" start="2025-05-13T13:04:12.612745" elapsed="0.000742"/>
</kw>
<kw name="Run Keyword If" owner="BuiltIn">
<arg>"'${href}'.startswith('javascript:')"</arg>
<arg>Continue For Loop</arg>
<doc>Runs the given keyword with the given arguments, if ``condition`` is true.</doc>
<status status="NOT RUN" start="2025-05-13T13:04:12.613650" elapsed="0.000045"/>
</kw>
<kw name="Log" owner="BuiltIn">
<arg>Testing link: ${href}</arg>
<doc>Logs the given message with the given level.</doc>
<status status="NOT RUN" start="2025-05-13T13:04:12.613835" elapsed="0.000041"/>
</kw>
<kw name="Go To" owner="SeleniumLibrary">
<arg>${href}</arg>
<doc>Navigates the current browser window to the provided ``url``.</doc>
<status status="NOT RUN" start="2025-05-13T13:04:12.614013" elapsed="0.000040"/>
</kw>
<kw name="Title Should Not Contain">
<arg>404</arg>
<status status="NOT RUN" start="2025-05-13T13:04:12.614218" elapsed="0.000042"/>
</kw>
<kw name="Location Should Be" owner="SeleniumLibrary">
<arg>${href}</arg>
<doc>Verifies that the current URL is exactly ``url``.</doc>
<status status="NOT RUN" start="2025-05-13T13:04:12.614391" elapsed="0.000040"/>
</kw>
<kw name="Go Back" owner="SeleniumLibrary">
<doc>Simulates the user clicking the back button on their browser.</doc>
<status status="NOT RUN" start="2025-05-13T13:04:12.614555" elapsed="0.000036"/>
</kw>
<var name="${anchor}">&lt;selenium.webdriver.remote.webelement.WebElement (session="13ddf8de4342cd2076151c8c56f82ce7", element="f.DB28FF7CFCEE59CCE02E42351B8DF11E.d.75003587CC04AA4269CF55909B29F26F.e.102")&gt;</var>
<status status="PASS" start="2025-05-13T13:04:12.602628" elapsed="0.012018"/>
</iter>
<iter>
<kw name="Get Element Attribute" owner="SeleniumLibrary">
<msg time="2025-05-13T13:04:12.623591" level="INFO">${href} = https://www.dubnany.eu/mesto/strategicke-plany-mesta/</msg>
<var>${href}</var>
<arg>${anchor}</arg>
<arg>href</arg>
<doc>Returns the value of ``attribute`` from the element ``locator``.</doc>
<status status="PASS" start="2025-05-13T13:04:12.615000" elapsed="0.008673"/>
</kw>
<kw name="Run Keyword If" owner="BuiltIn">
<kw name="Continue For Loop" owner="BuiltIn">
<msg time="2025-05-13T13:04:12.624458" level="INFO">Continuing for loop from the next iteration.</msg>
<doc>Skips the current FOR loop iteration and continues from the next.</doc>
<status status="PASS" start="2025-05-13T13:04:12.624321" elapsed="0.000238"/>
</kw>
<arg>"'${href}'.startswith('mailto:')"</arg>
<arg>Continue For Loop</arg>
<doc>Runs the given keyword with the given arguments, if ``condition`` is true.</doc>
<status status="PASS" start="2025-05-13T13:04:12.623942" elapsed="0.000727"/>
</kw>
<kw name="Run Keyword If" owner="BuiltIn">
<arg>"'${href}'.startswith('javascript:')"</arg>
<arg>Continue For Loop</arg>
<doc>Runs the given keyword with the given arguments, if ``condition`` is true.</doc>
<status status="NOT RUN" start="2025-05-13T13:04:12.624836" elapsed="0.000045"/>
</kw>
<kw name="Log" owner="BuiltIn">
<arg>Testing link: ${href}</arg>
<doc>Logs the given message with the given level.</doc>
<status status="NOT RUN" start="2025-05-13T13:04:12.625022" elapsed="0.000039"/>
</kw>
<kw name="Go To" owner="SeleniumLibrary">
<arg>${href}</arg>
<doc>Navigates the current browser window to the provided ``url``.</doc>
<status status="NOT RUN" start="2025-05-13T13:04:12.625194" elapsed="0.000039"/>
</kw>
<kw name="Title Should Not Contain">
<arg>404</arg>
<status status="NOT RUN" start="2025-05-13T13:04:12.625396" elapsed="0.000040"/>
</kw>
<kw name="Location Should Be" owner="SeleniumLibrary">
<arg>${href}</arg>
<doc>Verifies that the current URL is exactly ``url``.</doc>
<status status="NOT RUN" start="2025-05-13T13:04:12.625564" elapsed="0.000038"/>
</kw>
<kw name="Go Back" owner="SeleniumLibrary">
<doc>Simulates the user clicking the back button on their browser.</doc>
<status status="NOT RUN" start="2025-05-13T13:04:12.625725" elapsed="0.000037"/>
</kw>
<var name="${anchor}">&lt;selenium.webdriver.remote.webelement.WebElement (session="13ddf8de4342cd2076151c8c56f82ce7", element="f.DB28FF7CFCEE59CCE02E42351B8DF11E.d.75003587CC04AA4269CF55909B29F26F.e.103")&gt;</var>
<status status="PASS" start="2025-05-13T13:04:12.614873" elapsed="0.010945"/>
</iter>
<iter>
<kw name="Get Element Attribute" owner="SeleniumLibrary">
<msg time="2025-05-13T13:04:12.634925" level="INFO">${href} = https://www.dubnany.eu/mesto/investicni-zamery-mesta/</msg>
<var>${href}</var>
<arg>${anchor}</arg>
<arg>href</arg>
<doc>Returns the value of ``attribute`` from the element ``locator``.</doc>
<status status="PASS" start="2025-05-13T13:04:12.626183" elapsed="0.008924"/>
</kw>
<kw name="Run Keyword If" owner="BuiltIn">
<kw name="Continue For Loop" owner="BuiltIn">
<msg time="2025-05-13T13:04:12.635925" level="INFO">Continuing for loop from the next iteration.</msg>
<doc>Skips the current FOR loop iteration and continues from the next.</doc>
<status status="PASS" start="2025-05-13T13:04:12.635789" elapsed="0.000263"/>
</kw>
<arg>"'${href}'.startswith('mailto:')"</arg>
<arg>Continue For Loop</arg>
<doc>Runs the given keyword with the given arguments, if ``condition`` is true.</doc>
<status status="PASS" start="2025-05-13T13:04:12.635396" elapsed="0.000747"/>
</kw>
<kw name="Run Keyword If" owner="BuiltIn">
<arg>"'${href}'.startswith('javascript:')"</arg>
<arg>Continue For Loop</arg>
<doc>Runs the given keyword with the given arguments, if ``condition`` is true.</doc>
<status status="NOT RUN" start="2025-05-13T13:04:12.636339" elapsed="0.000093"/>
</kw>
<kw name="Log" owner="BuiltIn">
<arg>Testing link: ${href}</arg>
<doc>Logs the given message with the given level.</doc>
<status status="NOT RUN" start="2025-05-13T13:04:12.636676" elapsed="0.000079"/>
</kw>
<kw name="Go To" owner="SeleniumLibrary">
<arg>${href}</arg>
<doc>Navigates the current browser window to the provided ``url``.</doc>
<status status="NOT RUN" start="2025-05-13T13:04:12.637004" elapsed="0.000074"/>
</kw>
<kw name="Title Should Not Contain">
<arg>404</arg>
<status status="NOT RUN" start="2025-05-13T13:04:12.637270" elapsed="0.000045"/>
</kw>
<kw name="Location Should Be" owner="SeleniumLibrary">
<arg>${href}</arg>
<doc>Verifies that the current URL is exactly ``url``.</doc>
<status status="NOT RUN" start="2025-05-13T13:04:12.637455" elapsed="0.000041"/>
</kw>
<kw name="Go Back" owner="SeleniumLibrary">
<doc>Simulates the user clicking the back button on their browser.</doc>
<status status="NOT RUN" start="2025-05-13T13:04:12.637621" elapsed="0.000037"/>
</kw>
<var name="${anchor}">&lt;selenium.webdriver.remote.webelement.WebElement (session="13ddf8de4342cd2076151c8c56f82ce7", element="f.DB28FF7CFCEE59CCE02E42351B8DF11E.d.75003587CC04AA4269CF55909B29F26F.e.104")&gt;</var>
<status status="PASS" start="2025-05-13T13:04:12.626049" elapsed="0.011665"/>
</iter>
<iter>
<kw name="Get Element Attribute" owner="SeleniumLibrary">
<msg time="2025-05-13T13:04:12.646990" level="INFO">${href} = https://stavebnionline.cz/Profily/profil.asp?ID=102</msg>
<var>${href}</var>
<arg>${anchor}</arg>
<arg>href</arg>
<doc>Returns the value of ``attribute`` from the element ``locator``.</doc>
<status status="PASS" start="2025-05-13T13:04:12.638098" elapsed="0.008970"/>
</kw>
<kw name="Run Keyword If" owner="BuiltIn">
<kw name="Continue For Loop" owner="BuiltIn">
<msg time="2025-05-13T13:04:12.647851" level="INFO">Continuing for loop from the next iteration.</msg>
<doc>Skips the current FOR loop iteration and continues from the next.</doc>
<status status="PASS" start="2025-05-13T13:04:12.647716" elapsed="0.000243"/>
</kw>
<arg>"'${href}'.startswith('mailto:')"</arg>
<arg>Continue For Loop</arg>
<doc>Runs the given keyword with the given arguments, if ``condition`` is true.</doc>
<status status="PASS" start="2025-05-13T13:04:12.647336" elapsed="0.000708"/>
</kw>
<kw name="Run Keyword If" owner="BuiltIn">
<arg>"'${href}'.startswith('javascript:')"</arg>
<arg>Continue For Loop</arg>
<doc>Runs the given keyword with the given arguments, if ``condition`` is true.</doc>
<status status="NOT RUN" start="2025-05-13T13:04:12.648231" elapsed="0.000047"/>
</kw>
<kw name="Log" owner="BuiltIn">
<arg>Testing link: ${href}</arg>
<doc>Logs the given message with the given level.</doc>
<status status="NOT RUN" start="2025-05-13T13:04:12.648420" elapsed="0.000040"/>
</kw>
<kw name="Go To" owner="SeleniumLibrary">
<arg>${href}</arg>
<doc>Navigates the current browser window to the provided ``url``.</doc>
<status status="NOT RUN" start="2025-05-13T13:04:12.648594" elapsed="0.000040"/>
</kw>
<kw name="Title Should Not Contain">
<arg>404</arg>
<status status="NOT RUN" start="2025-05-13T13:04:12.648798" elapsed="0.000042"/>
</kw>
<kw name="Location Should Be" owner="SeleniumLibrary">
<arg>${href}</arg>
<doc>Verifies that the current URL is exactly ``url``.</doc>
<status status="NOT RUN" start="2025-05-13T13:04:12.648980" elapsed="0.000038"/>
</kw>
<kw name="Go Back" owner="SeleniumLibrary">
<doc>Simulates the user clicking the back button on their browser.</doc>
<status status="NOT RUN" start="2025-05-13T13:04:12.649141" elapsed="0.000037"/>
</kw>
<var name="${anchor}">&lt;selenium.webdriver.remote.webelement.WebElement (session="13ddf8de4342cd2076151c8c56f82ce7", element="f.DB28FF7CFCEE59CCE02E42351B8DF11E.d.75003587CC04AA4269CF55909B29F26F.e.105")&gt;</var>
<status status="PASS" start="2025-05-13T13:04:12.637950" elapsed="0.011284"/>
</iter>
<iter>
<kw name="Get Element Attribute" owner="SeleniumLibrary">
<msg time="2025-05-13T13:04:12.656968" level="INFO">${href} = https://www.vhodne-uverejneni.cz/profil/mesto-dubnany</msg>
<var>${href}</var>
<arg>${anchor}</arg>
<arg>href</arg>
<doc>Returns the value of ``attribute`` from the element ``locator``.</doc>
<status status="PASS" start="2025-05-13T13:04:12.649585" elapsed="0.007443"/>
</kw>
<kw name="Run Keyword If" owner="BuiltIn">
<kw name="Continue For Loop" owner="BuiltIn">
<msg time="2025-05-13T13:04:12.657691" level="INFO">Continuing for loop from the next iteration.</msg>
<doc>Skips the current FOR loop iteration and continues from the next.</doc>
<status status="PASS" start="2025-05-13T13:04:12.657563" elapsed="0.000219"/>
</kw>
<arg>"'${href}'.startswith('mailto:')"</arg>
<arg>Continue For Loop</arg>
<doc>Runs the given keyword with the given arguments, if ``condition`` is true.</doc>
<status status="PASS" start="2025-05-13T13:04:12.657230" elapsed="0.000647"/>
</kw>
<kw name="Run Keyword If" owner="BuiltIn">
<arg>"'${href}'.startswith('javascript:')"</arg>
<arg>Continue For Loop</arg>
<doc>Runs the given keyword with the given arguments, if ``condition`` is true.</doc>
<status status="NOT RUN" start="2025-05-13T13:04:12.658059" elapsed="0.000044"/>
</kw>
<kw name="Log" owner="BuiltIn">
<arg>Testing link: ${href}</arg>
<doc>Logs the given message with the given level.</doc>
<status status="NOT RUN" start="2025-05-13T13:04:12.658247" elapsed="0.000062"/>
</kw>
<kw name="Go To" owner="SeleniumLibrary">
<arg>${href}</arg>
<doc>Navigates the current browser window to the provided ``url``.</doc>
<status status="NOT RUN" start="2025-05-13T13:04:12.658446" elapsed="0.000040"/>
</kw>
<kw name="Title Should Not Contain">
<arg>404</arg>
<status status="NOT RUN" start="2025-05-13T13:04:12.658641" elapsed="0.000039"/>
</kw>
<kw name="Location Should Be" owner="SeleniumLibrary">
<arg>${href}</arg>
<doc>Verifies that the current URL is exactly ``url``.</doc>
<status status="NOT RUN" start="2025-05-13T13:04:12.658812" elapsed="0.000039"/>
</kw>
<kw name="Go Back" owner="SeleniumLibrary">
<doc>Simulates the user clicking the back button on their browser.</doc>
<status status="NOT RUN" start="2025-05-13T13:04:12.658975" elapsed="0.000042"/>
</kw>
[...]
<status status="NOT RUN" start="2025-05-13T13:04:15.392391" elapsed="0.000043"/>
</kw>
<kw name="Go To" owner="SeleniumLibrary">
<arg>${href}</arg>
<doc>Navigates the current browser window to the provided ``url``.</doc>
<status status="NOT RUN" start="2025-05-13T13:04:15.392572" elapsed="0.000041"/>
</kw>
<kw name="Title Should Not Contain">
<arg>404</arg>
<status status="NOT RUN" start="2025-05-13T13:04:15.392818" elapsed="0.000048"/>
</kw>
<kw name="Location Should Be" owner="SeleniumLibrary">
<arg>${href}</arg>
<doc>Verifies that the current URL is exactly ``url``.</doc>
<status status="NOT RUN" start="2025-05-13T13:04:15.393011" elapsed="0.000041"/>
</kw>
<kw name="Go Back" owner="SeleniumLibrary">
<doc>Simulates the user clicking the back button on their browser.</doc>
<status status="NOT RUN" start="2025-05-13T13:04:15.393182" elapsed="0.000038"/>
</kw>
<var name="${anchor}">&lt;selenium.webdriver.remote.webelement.WebElement (session="13ddf8de4342cd2076151c8c56f82ce7", element="f.DB28FF7CFCEE59CCE02E42351B8DF11E.d.75003587CC04AA4269CF55909B29F26F.e.355")&gt;</var>
<status status="PASS" start="2025-05-13T13:04:15.383105" elapsed="0.010178"/>
</iter>
<iter>
<kw name="Get Element Attribute" owner="SeleniumLibrary">
<msg time="2025-05-13T13:04:15.401242" level="INFO">${href} = http://www.igalileo.cz/</msg>
<var>${href}</var>
<arg>${anchor}</arg>
<arg>href</arg>
<doc>Returns the value of ``attribute`` from the element ``locator``.</doc>
<status status="PASS" start="2025-05-13T13:04:15.393698" elapsed="0.007621"/>
</kw>
<kw name="Run Keyword If" owner="BuiltIn">
<kw name="Continue For Loop" owner="BuiltIn">
<msg time="2025-05-13T13:04:15.402135" level="INFO">Continuing for loop from the next iteration.</msg>
<doc>Skips the current FOR loop iteration and continues from the next.</doc>
<status status="PASS" start="2025-05-13T13:04:15.401997" elapsed="0.000242"/>
</kw>
<arg>"'${href}'.startswith('mailto:')"</arg>
<arg>Continue For Loop</arg>
<doc>Runs the given keyword with the given arguments, if ``condition`` is true.</doc>
<status status="PASS" start="2025-05-13T13:04:15.401609" elapsed="0.000719"/>
</kw>
<kw name="Run Keyword If" owner="BuiltIn">
<arg>"'${href}'.startswith('javascript:')"</arg>
<arg>Continue For Loop</arg>
<doc>Runs the given keyword with the given arguments, if ``condition`` is true.</doc>
<status status="NOT RUN" start="2025-05-13T13:04:15.402533" elapsed="0.000872"/>
</kw>
<kw name="Log" owner="BuiltIn">
<arg>Testing link: ${href}</arg>
<doc>Logs the given message with the given level.</doc>
<status status="NOT RUN" start="2025-05-13T13:04:15.403662" elapsed="0.000085"/>
</kw>
<kw name="Go To" owner="SeleniumLibrary">
<arg>${href}</arg>
<doc>Navigates the current browser window to the provided ``url``.</doc>
<status status="NOT RUN" start="2025-05-13T13:04:15.404007" elapsed="0.000072"/>
</kw>
<kw name="Title Should Not Contain">
<arg>404</arg>
<status status="NOT RUN" start="2025-05-13T13:04:15.404338" elapsed="0.000065"/>
</kw>
<kw name="Location Should Be" owner="SeleniumLibrary">
<arg>${href}</arg>
<doc>Verifies that the current URL is exactly ``url``.</doc>
<status status="NOT RUN" start="2025-05-13T13:04:15.404590" elapsed="0.000045"/>
</kw>
<kw name="Go Back" owner="SeleniumLibrary">
<doc>Simulates the user clicking the back button on their browser.</doc>
<status status="NOT RUN" start="2025-05-13T13:04:15.404769" elapsed="0.000039"/>
</kw>
<var name="${anchor}">&lt;selenium.webdriver.remote.webelement.WebElement (session="13ddf8de4342cd2076151c8c56f82ce7", element="f.DB28FF7CFCEE59CCE02E42351B8DF11E.d.75003587CC04AA4269CF55909B29F26F.e.356")&gt;</var>
<status status="PASS" start="2025-05-13T13:04:15.393549" elapsed="0.011317"/>
</iter>
<iter>
<kw name="Get Element Attribute" owner="SeleniumLibrary">
<msg time="2025-05-13T13:04:15.412456" level="INFO">${href} = http://www.igalileo.cz/</msg>
<var>${href}</var>
<arg>${anchor}</arg>
<arg>href</arg>
<doc>Returns the value of ``attribute`` from the element ``locator``.</doc>
<status status="PASS" start="2025-05-13T13:04:15.405220" elapsed="0.007308"/>
</kw>
<kw name="Run Keyword If" owner="BuiltIn">
<kw name="Continue For Loop" owner="BuiltIn">
<msg time="2025-05-13T13:04:15.413491" level="INFO">Continuing for loop from the next iteration.</msg>
<doc>Skips the current FOR loop iteration and continues from the next.</doc>
<status status="PASS" start="2025-05-13T13:04:15.413315" elapsed="0.000289"/>
</kw>
<arg>"'${href}'.startswith('mailto:')"</arg>
<arg>Continue For Loop</arg>
<doc>Runs the given keyword with the given arguments, if ``condition`` is true.</doc>
<status status="PASS" start="2025-05-13T13:04:15.412904" elapsed="0.000818"/>
</kw>
<kw name="Run Keyword If" owner="BuiltIn">
<arg>"'${href}'.startswith('javascript:')"</arg>
<arg>Continue For Loop</arg>
<doc>Runs the given keyword with the given arguments, if ``condition`` is true.</doc>
<status status="NOT RUN" start="2025-05-13T13:04:15.413902" elapsed="0.000045"/>
</kw>
<kw name="Log" owner="BuiltIn">
<arg>Testing link: ${href}</arg>
<doc>Logs the given message with the given level.</doc>
<status status="NOT RUN" start="2025-05-13T13:04:15.414126" elapsed="0.000050"/>
</kw>
<kw name="Go To" owner="SeleniumLibrary">
<arg>${href}</arg>
<doc>Navigates the current browser window to the provided ``url``.</doc>
<status status="NOT RUN" start="2025-05-13T13:04:15.414325" elapsed="0.000043"/>
</kw>
<kw name="Title Should Not Contain">
<arg>404</arg>
<status status="NOT RUN" start="2025-05-13T13:04:15.414535" elapsed="0.000041"/>
</kw>
<kw name="Location Should Be" owner="SeleniumLibrary">
<arg>${href}</arg>
<doc>Verifies that the current URL is exactly ``url``.</doc>
<status status="NOT RUN" start="2025-05-13T13:04:15.414749" elapsed="0.000046"/>
</kw>
<kw name="Go Back" owner="SeleniumLibrary">
<doc>Simulates the user clicking the back button on their browser.</doc>
<status status="NOT RUN" start="2025-05-13T13:04:15.414929" elapsed="0.000038"/>
</kw>
<var name="${anchor}">&lt;selenium.webdriver.remote.webelement.WebElement (session="13ddf8de4342cd2076151c8c56f82ce7", element="f.DB28FF7CFCEE59CCE02E42351B8DF11E.d.75003587CC04AA4269CF55909B29F26F.e.357")&gt;</var>
<status status="PASS" start="2025-05-13T13:04:15.405093" elapsed="0.009931"/>
</iter>
<iter>
<kw name="Get Element Attribute" owner="SeleniumLibrary">
<msg time="2025-05-13T13:04:15.422823" level="INFO">${href} = https://www.dubnany.eu/?zmena-vzhledu=1&amp;lang=cs</msg>
<var>${href}</var>
<arg>${anchor}</arg>
<arg>href</arg>
<doc>Returns the value of ``attribute`` from the element ``locator``.</doc>
<status status="PASS" start="2025-05-13T13:04:15.415423" elapsed="0.007475"/>
</kw>
<kw name="Run Keyword If" owner="BuiltIn">
<kw name="Continue For Loop" owner="BuiltIn">
<msg time="2025-05-13T13:04:15.423697" level="INFO">Continuing for loop from the next iteration.</msg>
<doc>Skips the current FOR loop iteration and continues from the next.</doc>
<status status="PASS" start="2025-05-13T13:04:15.423550" elapsed="0.000249"/>
</kw>
<arg>"'${href}'.startswith('mailto:')"</arg>
<arg>Continue For Loop</arg>
<doc>Runs the given keyword with the given arguments, if ``condition`` is true.</doc>
<status status="PASS" start="2025-05-13T13:04:15.423143" elapsed="0.000755"/>
</kw>
<kw name="Run Keyword If" owner="BuiltIn">
<arg>"'${href}'.startswith('javascript:')"</arg>
<arg>Continue For Loop</arg>
<doc>Runs the given keyword with the given arguments, if ``condition`` is true.</doc>
<status status="NOT RUN" start="2025-05-13T13:04:15.424128" elapsed="0.000049"/>
</kw>
<kw name="Log" owner="BuiltIn">
<arg>Testing link: ${href}</arg>
<doc>Logs the given message with the given level.</doc>
<status status="NOT RUN" start="2025-05-13T13:04:15.424329" elapsed="0.000041"/>
</kw>
<kw name="Go To" owner="SeleniumLibrary">
<arg>${href}</arg>
<doc>Navigates the current browser window to the provided ``url``.</doc>
<status status="NOT RUN" start="2025-05-13T13:04:15.424540" elapsed="0.000050"/>
</kw>
<kw name="Title Should Not Contain">
<arg>404</arg>
<status status="NOT RUN" start="2025-05-13T13:04:15.424766" elapsed="0.000041"/>
</kw>
<kw name="Location Should Be" owner="SeleniumLibrary">
<arg>${href}</arg>
<doc>Verifies that the current URL is exactly ``url``.</doc>
<status status="NOT RUN" start="2025-05-13T13:04:15.424942" elapsed="0.000041"/>
</kw>
<kw name="Go Back" owner="SeleniumLibrary">
<doc>Simulates the user clicking the back button on their browser.</doc>
<status status="NOT RUN" start="2025-05-13T13:04:15.425163" elapsed="0.000038"/>
</kw>
<var name="${anchor}">&lt;selenium.webdriver.remote.webelement.WebElement (session="13ddf8de4342cd2076151c8c56f82ce7", element="f.DB28FF7CFCEE59CCE02E42351B8DF11E.d.75003587CC04AA4269CF55909B29F26F.e.358")&gt;</var>
<status status="PASS" start="2025-05-13T13:04:15.415282" elapsed="0.009977"/>
</iter>
<iter>
<kw name="Get Element Attribute" owner="SeleniumLibrary">
<msg time="2025-05-13T13:04:15.433258" level="INFO">${href} = https://www.dubnany.eu/?mapa-webu=1&amp;lang=cs</msg>
<var>${href}</var>
<arg>${anchor}</arg>
<arg>href</arg>
<doc>Returns the value of ``attribute`` from the element ``locator``.</doc>
<status status="PASS" start="2025-05-13T13:04:15.425687" elapsed="0.007651"/>
</kw>
<kw name="Run Keyword If" owner="BuiltIn">
<kw name="Continue For Loop" owner="BuiltIn">
<msg time="2025-05-13T13:04:15.434244" level="INFO">Continuing for loop from the next iteration.</msg>
<doc>Skips the current FOR loop iteration and continues from the next.</doc>
<status status="PASS" start="2025-05-13T13:04:15.434075" elapsed="0.000321"/>
</kw>
<arg>"'${href}'.startswith('mailto:')"</arg>
<arg>Continue For Loop</arg>
<doc>Runs the given keyword with the given arguments, if ``condition`` is true.</doc>
<status status="PASS" start="2025-05-13T13:04:15.433640" elapsed="0.000985"/>
</kw>
<kw name="Run Keyword If" owner="BuiltIn">
<arg>"'${href}'.startswith('javascript:')"</arg>
<arg>Continue For Loop</arg>
<doc>Runs the given keyword with the given arguments, if ``condition`` is true.</doc>
<status status="NOT RUN" start="2025-05-13T13:04:15.434836" elapsed="0.000049"/>
</kw>
<kw name="Log" owner="BuiltIn">
<arg>Testing link: ${href}</arg>
<doc>Logs the given message with the given level.</doc>
<status status="NOT RUN" start="2025-05-13T13:04:15.435098" elapsed="0.000050"/>
</kw>
<kw name="Go To" owner="SeleniumLibrary">
<arg>${href}</arg>
<doc>Navigates the current browser window to the provided ``url``.</doc>
<status status="NOT RUN" start="2025-05-13T13:04:15.435304" elapsed="0.000070"/>
</kw>
<kw name="Title Should Not Contain">
<arg>404</arg>
<status status="NOT RUN" start="2025-05-13T13:04:15.435546" elapsed="0.000049"/>
</kw>
<kw name="Location Should Be" owner="SeleniumLibrary">
<arg>${href}</arg>
<doc>Verifies that the current URL is exactly ``url``.</doc>
<status status="NOT RUN" start="2025-05-13T13:04:15.435734" elapsed="0.000038"/>
</kw>
<kw name="Go Back" owner="SeleniumLibrary">
<doc>Simulates the user clicking the back button on their browser.</doc>
<status status="NOT RUN" start="2025-05-13T13:04:15.435954" elapsed="0.000041"/>
</kw>
<var name="${anchor}">&lt;selenium.webdriver.remote.webelement.WebElement (session="13ddf8de4342cd2076151c8c56f82ce7", element="f.DB28FF7CFCEE59CCE02E42351B8DF11E.d.75003587CC04AA4269CF55909B29F26F.e.359")&gt;</var>
<status status="PASS" start="2025-05-13T13:04:15.425544" elapsed="0.010511"/>
</iter>
<iter>
<kw name="Get Element Attribute" owner="SeleniumLibrary">
<msg time="2025-05-13T13:04:15.444684" level="INFO">${href} = https://www.dubnany.eu/cs/tiraz/#prohlaseniopristupnosti</msg>
<var>${href}</var>
<arg>${anchor}</arg>
<arg>href</arg>
<doc>Returns the value of ``attribute`` from the element ``locator``.</doc>
<status status="PASS" start="2025-05-13T13:04:15.436488" elapsed="0.008280"/>
</kw>
<kw name="Run Keyword If" owner="BuiltIn">
<kw name="Continue For Loop" owner="BuiltIn">
<msg time="2025-05-13T13:04:15.445688" level="INFO">Continuing for loop from the next iteration.</msg>
<doc>Skips the current FOR loop iteration and continues from the next.</doc>
<status status="PASS" start="2025-05-13T13:04:15.445515" elapsed="0.000435"/>
</kw>
<arg>"'${href}'.startswith('mailto:')"</arg>
<arg>Continue For Loop</arg>
<doc>Runs the given keyword with the given arguments, if ``condition`` is true.</doc>
<status status="PASS" start="2025-05-13T13:04:15.445051" elapsed="0.001007"/>
</kw>
<kw name="Run Keyword If" owner="BuiltIn">
<arg>"'${href}'.startswith('javascript:')"</arg>
<arg>Continue For Loop</arg>
<doc>Runs the given keyword with the given arguments, if ``condition`` is true.</doc>
<status status="NOT RUN" start="2025-05-13T13:04:15.446284" elapsed="0.000059"/>
</kw>
<kw name="Log" owner="BuiltIn">
<arg>Testing link: ${href}</arg>
<doc>Logs the given message with the given level.</doc>
<status status="NOT RUN" start="2025-05-13T13:04:15.446514" elapsed="0.000043"/>
</kw>
<kw name="Go To" owner="SeleniumLibrary">
<arg>${href}</arg>
<doc>Navigates the current browser window to the provided ``url``.</doc>
<status status="NOT RUN" start="2025-05-13T13:04:15.446705" elapsed="0.000040"/>
</kw>
<kw name="Title Should Not Contain">
<arg>404</arg>
<status status="NOT RUN" start="2025-05-13T13:04:15.446958" elapsed="0.000047"/>
</kw>
<kw name="Location Should Be" owner="SeleniumLibrary">
<arg>${href}</arg>
<doc>Verifies that the current URL is exactly ``url``.</doc>
<status status="NOT RUN" start="2025-05-13T13:04:15.447152" elapsed="0.000040"/>
</kw>
<kw name="Go Back" owner="SeleniumLibrary">
<doc>Simulates the user clicking the back button on their browser.</doc>
<status status="NOT RUN" start="2025-05-13T13:04:15.447324" elapsed="0.000044"/>
</kw>
<var name="${anchor}">&lt;selenium.webdriver.remote.webelement.WebElement (session="13ddf8de4342cd2076151c8c56f82ce7", element="f.DB28FF7CFCEE59CCE02E42351B8DF11E.d.75003587CC04AA4269CF55909B29F26F.e.360")&gt;</var>
<status status="PASS" start="2025-05-13T13:04:15.436303" elapsed="0.011152"/>
</iter>
<iter>
<kw name="Get Element Attribute" owner="SeleniumLibrary">
<msg time="2025-05-13T13:04:15.455594" level="INFO">${href} = https://www.dubnany.eu/?cookies=1</msg>
<var>${href}</var>
<arg>${anchor}</arg>
<arg>href</arg>
<doc>Returns the value of ``attribute`` from the element ``locator``.</doc>
<status status="PASS" start="2025-05-13T13:04:15.447870" elapsed="0.007797"/>
</kw>
<kw name="Run Keyword If" owner="BuiltIn">
<kw name="Continue For Loop" owner="BuiltIn">
<msg time="2025-05-13T13:04:15.456488" level="INFO">Continuing for loop from the next iteration.</msg>
<doc>Skips the current FOR loop iteration and continues from the next.</doc>
<status status="PASS" start="2025-05-13T13:04:15.456344" elapsed="0.000277"/>
</kw>
<arg>"'${href}'.startswith('mailto:')"</arg>
<arg>Continue For Loop</arg>
<doc>Runs the given keyword with the given arguments, if ``condition`` is true.</doc>
<status status="PASS" start="2025-05-13T13:04:15.455948" elapsed="0.000771"/>
</kw>
<kw name="Run Keyword If" owner="BuiltIn">
<arg>"'${href}'.startswith('javascript:')"</arg>
<arg>Continue For Loop</arg>
<doc>Runs the given keyword with the given arguments, if ``condition`` is true.</doc>
<status status="NOT RUN" start="2025-05-13T13:04:15.456932" elapsed="0.000047"/>
</kw>
<kw name="Log" owner="BuiltIn">
<arg>Testing link: ${href}</arg>
<doc>Logs the given message with the given level.</doc>
<status status="NOT RUN" start="2025-05-13T13:04:15.457146" elapsed="0.000050"/>
</kw>
<kw name="Go To" owner="SeleniumLibrary">
<arg>${href}</arg>
<doc>Navigates the current browser window to the provided ``url``.</doc>
<status status="NOT RUN" start="2025-05-13T13:04:15.457346" elapsed="0.000041"/>
</kw>
<kw name="Title Should Not Contain">
<arg>404</arg>
<status status="NOT RUN" start="2025-05-13T13:04:15.457556" elapsed="0.000042"/>
</kw>
<kw name="Location Should Be" owner="SeleniumLibrary">
<arg>${href}</arg>
<doc>Verifies that the current URL is exactly ``url``.</doc>
<status status="NOT RUN" start="2025-05-13T13:04:15.457753" elapsed="0.000067"/>
</kw>
<kw name="Go Back" owner="SeleniumLibrary">
<doc>Simulates the user clicking the back button on their browser.</doc>
<status status="NOT RUN" start="2025-05-13T13:04:15.457960" elapsed="0.000039"/>
</kw>
<var name="${anchor}">&lt;selenium.webdriver.remote.webelement.WebElement (session="13ddf8de4342cd2076151c8c56f82ce7", element="f.DB28FF7CFCEE59CCE02E42351B8DF11E.d.75003587CC04AA4269CF55909B29F26F.e.361")&gt;</var>
<status status="PASS" start="2025-05-13T13:04:15.447710" elapsed="0.010345"/>
</iter>
<iter>
<kw name="Get Element Attribute" owner="SeleniumLibrary">
<msg time="2025-05-13T13:04:15.465777" level="INFO">${href} = javascript:;</msg>
<var>${href}</var>
<arg>${anchor}</arg>
<arg>href</arg>
<doc>Returns the value of ``attribute`` from the element ``locator``.</doc>
<status status="PASS" start="2025-05-13T13:04:15.458470" elapsed="0.007380"/>
</kw>
<kw name="Run Keyword If" owner="BuiltIn">
<kw name="Continue For Loop" owner="BuiltIn">
<msg time="2025-05-13T13:04:15.466789" level="INFO">Continuing for loop from the next iteration.</msg>
<doc>Skips the current FOR loop iteration and continues from the next.</doc>
<status status="PASS" start="2025-05-13T13:04:15.466638" elapsed="0.000276"/>
</kw>
<arg>"'${href}'.startswith('mailto:')"</arg>
<arg>Continue For Loop</arg>
<doc>Runs the given keyword with the given arguments, if ``condition`` is true.</doc>
<status status="PASS" start="2025-05-13T13:04:15.466213" elapsed="0.000859"/>
</kw>
<kw name="Run Keyword If" owner="BuiltIn">
<arg>"'${href}'.startswith('javascript:')"</arg>
<arg>Continue For Loop</arg>
<doc>Runs the given keyword with the given arguments, if ``condition`` is true.</doc>
<status status="NOT RUN" start="2025-05-13T13:04:15.467285" elapsed="0.000053"/>
</kw>
<kw name="Log" owner="BuiltIn">
<arg>Testing link: ${href}</arg>
<doc>Logs the given message with the given level.</doc>
<status status="NOT RUN" start="2025-05-13T13:04:15.467493" elapsed="0.000066"/>
</kw>
<kw name="Go To" owner="SeleniumLibrary">
<arg>${href}</arg>
<doc>Navigates the current browser window to the provided ``url``.</doc>
<status status="NOT RUN" start="2025-05-13T13:04:15.467714" elapsed="0.000041"/>
</kw>
<kw name="Title Should Not Contain">
<arg>404</arg>
<status status="NOT RUN" start="2025-05-13T13:04:15.467929" elapsed="0.000042"/>
</kw>
<kw name="Location Should Be" owner="SeleniumLibrary">
<arg>${href}</arg>
<doc>Verifies that the current URL is exactly ``url``.</doc>
<status status="NOT RUN" start="2025-05-13T13:04:15.468106" elapsed="0.000059"/>
</kw>
<kw name="Go Back" owner="SeleniumLibrary">
<doc>Simulates the user clicking the back button on their browser.</doc>
<status status="NOT RUN" start="2025-05-13T13:04:15.468320" elapsed="0.000040"/>
</kw>
<var name="${anchor}">&lt;selenium.webdriver.remote.webelement.WebElement (session="13ddf8de4342cd2076151c8c56f82ce7", element="f.DB28FF7CFCEE59CCE02E42351B8DF11E.d.75003587CC04AA4269CF55909B29F26F.e.362")&gt;</var>
<status status="PASS" start="2025-05-13T13:04:15.458328" elapsed="0.010091"/>
</iter>
<var>${anchor}</var>
<value>@{anchors}</value>
<status status="PASS" start="2025-05-13T13:04:12.282523" elapsed="3.185992"/>
</for>
<doc>Verifies that each link on the page does not lead to a 404 error</doc>
<status status="PASS" start="2025-05-13T13:04:12.228215" elapsed="3.240837"/>
</test>
<kw name="Close Browser" owner="SeleniumLibrary" type="TEARDOWN">
<doc>Closes the current browser.</doc>
<status status="PASS" start="2025-05-13T13:04:15.470608" elapsed="2.265581"/>
</kw>
<status status="PASS" start="2025-05-13T13:04:07.022282" elapsed="10.714058"/>
</suite>
<statistics>
<total>
<stat pass="1" fail="0" skip="0">All Tests</stat>
</total>
<tag>
</tag>
<suite>
<stat name="018" id="s1" pass="1" fail="0" skip="0">018</stat>
</suite>
</statistics>
<errors>
</errors>
</robot>
