<?xml version="1.0" encoding="UTF-8"?>
<robot generator="Robot 7.2.2 (Python 3.13.1 on win32)" generated="2025-05-13T15:20:47.911657" rpa="false" schemaversion="5">
<suite id="s1" name="007" source="C:\Users\marti\Desktop\School\3.semestr\testovani software\HOTOVO\MainPage\Automatické testy\TC007\script\007.robot">
<kw name="Open Main Page" type="SETUP">
<kw name="Open Browser" owner="SeleniumLibrary">
<msg time="2025-05-13T15:20:48.428301" level="INFO">Opening browser 'Chrome' to base url 'https://www.dubnany.eu/'.</msg>
<arg>${URL}</arg>
<arg>${BROWSER}</arg>
<doc>Opens a new browser instance to the optional ``url``.</doc>
<status status="PASS" start="2025-05-13T15:20:48.427814" elapsed="4.371588"/>
</kw>
<kw name="Maximize Browser Window" owner="SeleniumLibrary">
<doc>Maximizes current browser window.</doc>
<status status="PASS" start="2025-05-13T15:20:52.799797" elapsed="0.129366"/>
</kw>
<kw name="Wait Until Page Contains Element" owner="SeleniumLibrary">
<arg>css=nav</arg>
<arg>timeout=${TIMEOUT}</arg>
<doc>Waits until the element ``locator`` appears on the current page.</doc>
<status status="PASS" start="2025-05-13T15:20:52.929554" elapsed="0.028700"/>
</kw>
<doc>Otevře hlavní stránku a počká na načtení navigace.</doc>
<status status="PASS" start="2025-05-13T15:20:48.426709" elapsed="4.531757"/>
</kw>
<test id="s1-t1" name="TC000 odstranění cookies" line="11">
<kw name="Wait Until Element Is Visible" owner="SeleniumLibrary">
<arg>id=cookies-consent-reject</arg>
<arg>timeout=${TIMEOUT}</arg>
<doc>Waits until the element ``locator`` is visible.</doc>
<status status="PASS" start="2025-05-13T15:20:52.959553" elapsed="0.036233"/>
</kw>
<kw name="Click Element" owner="SeleniumLibrary">
<msg time="2025-05-13T15:20:52.996699" level="INFO">Clicking element 'id=cookies-consent-reject'.</msg>
<arg>id=cookies-consent-reject</arg>
<doc>Click the element identified by ``locator``.</doc>
<status status="PASS" start="2025-05-13T15:20:52.996357" elapsed="0.143012"/>
</kw>
<status status="PASS" start="2025-05-13T15:20:52.958627" elapsed="0.181266"/>
</test>
<test id="s1-t2" name="TC007 - Ověření" line="14">
<kw name="Mouse Over" owner="SeleniumLibrary">
<msg time="2025-05-13T15:20:53.141664" level="INFO">Simulating Mouse Over on element 'id=menucss1_cs'.</msg>
<arg>id=menucss1_cs</arg>
<doc>Simulates hovering the mouse over the element ``locator``.</doc>
<status status="PASS" start="2025-05-13T15:20:53.141290" elapsed="0.324080"/>
</kw>
<kw name="Click Element" owner="SeleniumLibrary">
<msg time="2025-05-13T15:20:53.466172" level="INFO">Clicking element '//*[@id="menucss18_cs"]/a'.</msg>
<arg>//*[@id="menucss18_cs"]/a</arg>
<doc>Click the element identified by ``locator``.</doc>
<status status="PASS" start="2025-05-13T15:20:53.465842" elapsed="4.793863"/>
</kw>
<kw name="Click Element" owner="SeleniumLibrary">
<msg time="2025-05-13T15:20:58.260498" level="INFO">Clicking element '//*[@id="event_1967"]/div[1]/a'.</msg>
<arg>//*[@id="event_1967"]/div[1]/a</arg>
<doc>Click the element identified by ``locator``.</doc>
<status status="PASS" start="2025-05-13T15:20:58.260187" elapsed="0.961780"/>
</kw>
<status status="PASS" start="2025-05-13T15:20:53.140636" elapsed="6.081782"/>
</test>
<kw name="Close Browser" owner="SeleniumLibrary" type="TEARDOWN">
<doc>Closes the current browser.</doc>
<status status="PASS" start="2025-05-13T15:20:59.223594" elapsed="2.251896"/>
</kw>
<doc>Šablona Robot Framework testu</doc>
<status status="PASS" start="2025-05-13T15:20:47.914597" elapsed="13.561093"/>
</suite>
<statistics>
<total>
<stat pass="2" fail="0" skip="0">All Tests</stat>
</total>
<tag>
</tag>
<suite>
<stat name="007" id="s1" pass="2" fail="0" skip="0">007</stat>
</suite>
</statistics>
<errors>
</errors>
</robot>
