<?xml version="1.0" encoding="UTF-8"?>
<robot generator="Robot 7.2.2 (Python 3.13.1 on win32)" generated="2025-05-12T00:03:14.716709" rpa="false" schemaversion="5">
<suite id="s1" name="008" source="C:\Users\marti\Desktop\School\3.semestr\testovani software\MartinMega\Automatické testy\TS008\Script\008.robot">
<kw name="Open Main Page" type="SETUP">
<kw name="Open Browser" owner="SeleniumLibrary">
<msg time="2025-05-12T00:03:15.231723" level="INFO">Opening browser 'Chrome' to base url 'https://www.dubnany.eu/'.</msg>
<arg>${URL}</arg>
<arg>${BROWSER}</arg>
<doc>Opens a new browser instance to the optional ``url``.</doc>
<status status="PASS" start="2025-05-12T00:03:15.231261" elapsed="4.512011"/>
</kw>
<kw name="Maximize Browser Window" owner="SeleniumLibrary">
<doc>Maximizes current browser window.</doc>
<status status="PASS" start="2025-05-12T00:03:19.743710" elapsed="0.258133"/>
</kw>
<kw name="Wait Until Page Contains Element" owner="SeleniumLibrary">
<arg>css=nav</arg>
<arg>timeout=${TIMEOUT}</arg>
<doc>Waits until the element ``locator`` appears on the current page.</doc>
<status status="PASS" start="2025-05-12T00:03:20.002153" elapsed="0.030449"/>
</kw>
<doc>Otevře hlavní stránku a počká na načtení navigace.</doc>
<status status="PASS" start="2025-05-12T00:03:15.230153" elapsed="4.802684"/>
</kw>
<test id="s1-t1" name="Odeslani ZpravY Pres Kontaktni Formular" line="15">
<kw name="Mouse Over" owner="SeleniumLibrary">
<msg time="2025-05-12T00:03:20.034611" level="INFO">Simulating Mouse Over on element 'id=menucss29_cs'.</msg>
<arg>id=menucss29_cs</arg>
<doc>Simulates hovering the mouse over the element ``locator``.</doc>
<status status="PASS" start="2025-05-12T00:03:20.034226" elapsed="0.304121"/>
</kw>
<kw name="Click Element" owner="SeleniumLibrary">
<msg time="2025-05-12T00:03:20.339346" level="INFO">Clicking element '//*[@id="menucss139_cs"]/a'.</msg>
<arg>//*[@id="menucss139_cs"]/a</arg>
<doc>Click the element identified by ``locator``.</doc>
<status status="PASS" start="2025-05-12T00:03:20.338949" elapsed="1.579276"/>
</kw>
<kw name="Input Text" owner="SeleniumLibrary">
<msg time="2025-05-12T00:03:21.919241" level="INFO">Typing text 'Jan' into text field 'name=form[1]'.</msg>
<arg>name=form[1]</arg>
<arg>Jan</arg>
<doc>Types the given ``text`` into the text field identified by ``locator``.</doc>
<status status="PASS" start="2025-05-12T00:03:21.918843" elapsed="0.139494"/>
</kw>
<kw name="Input Text" owner="SeleniumLibrary">
<msg time="2025-05-12T00:03:22.059469" level="INFO">Typing text 'Novák' into text field 'name=form[2]'.</msg>
<arg>name=form[2]</arg>
<arg>Novák</arg>
<doc>Types the given ``text`` into the text field identified by ``locator``.</doc>
<status status="PASS" start="2025-05-12T00:03:22.058997" elapsed="0.230278"/>
</kw>
<kw name="Input Text" owner="SeleniumLibrary">
<msg time="2025-05-12T00:03:22.290349" level="INFO">Typing text 'jan.novak@example.com' into text field 'name=form[3]'.</msg>
<arg>name=form[3]</arg>
<arg>jan.novak@example.com</arg>
<doc>Types the given ``text`` into the text field identified by ``locator``.</doc>
<status status="PASS" start="2025-05-12T00:03:22.289879" elapsed="0.166920"/>
</kw>
<kw name="Input Text" owner="SeleniumLibrary">
<msg time="2025-05-12T00:03:22.457861" level="INFO">Typing text '123 456 789' into text field 'name=form[4]'.</msg>
<arg>name=form[4]</arg>
<arg>123 456 789</arg>
<doc>Types the given ``text`` into the text field identified by ``locator``.</doc>
<status status="PASS" start="2025-05-12T00:03:22.457396" elapsed="0.134644"/>
</kw>
<kw name="Input Text" owner="SeleniumLibrary">
<msg time="2025-05-12T00:03:22.593084" level="INFO">Typing text 'Testovací zpráva' into text field 'name=form[5]'.</msg>
<arg>name=form[5]</arg>
<arg>Testovací zpráva</arg>
<doc>Types the given ``text`` into the text field identified by ``locator``.</doc>
<status status="PASS" start="2025-05-12T00:03:22.592591" elapsed="0.136125"/>
</kw>
<kw name="Click Button" owner="SeleniumLibrary">
<msg time="2025-05-12T00:03:22.729660" level="INFO">Clicking button 'name=odeslat'.</msg>
<arg>name=odeslat</arg>
<doc>Clicks the button identified by ``locator``.</doc>
<status status="PASS" start="2025-05-12T00:03:22.729260" elapsed="1.423975"/>
</kw>
<kw name="Wait Until Element Is Visible" owner="SeleniumLibrary">
<arg>xpath=//div[contains(@class, "status_error")]</arg>
<doc>Waits until the element ``locator`` is visible.</doc>
<status status="PASS" start="2025-05-12T00:03:24.153746" elapsed="0.037455"/>
</kw>
<kw name="Element Should Contain" owner="SeleniumLibrary">
<msg time="2025-05-12T00:03:24.235253" level="INFO">Element 'xpath=//div[contains(@class, "status_error")]' contains text 'Formulář není vyplněn správně. Prosím opravte tato políčka'.</msg>
<arg>xpath=//div[contains(@class, "status_error")]</arg>
<arg>Formulář není vyplněn správně. Prosím opravte tato políčka</arg>
<doc>Verifies that element ``locator`` contains text ``expected``.</doc>
<status status="PASS" start="2025-05-12T00:03:24.191913" elapsed="0.043506"/>
</kw>
<kw name="Element Should Contain" owner="SeleniumLibrary">
<msg time="2025-05-12T00:03:24.260380" level="INFO">Element 'xpath=//div[contains(@class, "status_error")]' contains text 'Captcha'.</msg>
<arg>xpath=//div[contains(@class, "status_error")]</arg>
<arg>Captcha</arg>
<doc>Verifies that element ``locator`` contains text ``expected``.</doc>
<status status="PASS" start="2025-05-12T00:03:24.235971" elapsed="0.024576"/>
</kw>
<doc>Ověření funkce kontaktního formuláře města Dubňany s očekávanou chybou CAPTCHA</doc>
<status status="PASS" start="2025-05-12T00:03:20.033046" elapsed="4.228032"/>
</test>
<kw name="Close Browser" owner="SeleniumLibrary" type="TEARDOWN">
<doc>Closes the current browser.</doc>
<status status="PASS" start="2025-05-12T00:03:24.262522" elapsed="2.366864"/>
</kw>
<doc>Šablona Robot Framework testu</doc>
<status status="PASS" start="2025-05-12T00:03:14.719385" elapsed="11.910183"/>
</suite>
<statistics>
<total>
<stat pass="1" fail="0" skip="0">All Tests</stat>
</total>
<tag>
</tag>
<suite>
<stat name="008" id="s1" pass="1" fail="0" skip="0">008</stat>
</suite>
</statistics>
<errors>
</errors>
</robot>
