<?xml version="1.0" encoding="UTF-8"?>
<robot generator="Robot 7.2.2 (Python 3.13.1 on win32)" generated="2025-05-11T23:37:38.651678" rpa="false" schemaversion="5">
<suite id="s1" name="007" source="C:\Users\marti\Desktop\School\3.semestr\testovani software\MartinMega\Automatické testy\TS007\script\007.robot">
<kw name="Open Main Page" type="SETUP">
<kw name="Open Browser" owner="SeleniumLibrary">
<msg time="2025-05-11T23:37:39.183028" level="INFO">Opening browser 'Chrome' to base url 'https://www.dubnany.eu/'.</msg>
<arg>${URL}</arg>
<arg>${BROWSER}</arg>
<doc>Opens a new browser instance to the optional ``url``.</doc>
<status status="PASS" start="2025-05-11T23:37:39.182503" elapsed="4.315988"/>
</kw>
<kw name="Maximize Browser Window" owner="SeleniumLibrary">
<doc>Maximizes current browser window.</doc>
<status status="PASS" start="2025-05-11T23:37:43.498980" elapsed="0.122425"/>
</kw>
<kw name="Wait Until Page Contains Element" owner="SeleniumLibrary">
<arg>css=nav</arg>
<arg>timeout=${TIMEOUT}</arg>
<doc>Waits until the element ``locator`` appears on the current page.</doc>
<status status="PASS" start="2025-05-11T23:37:43.621798" elapsed="0.024455"/>
</kw>
<doc>Otevře hlavní stránku a počká na načtení navigace.</doc>
<status status="PASS" start="2025-05-11T23:37:39.181399" elapsed="4.465085"/>
</kw>
<test id="s1-t1" name="TC007 - Ověření" line="13">
<kw name="Mouse Over" owner="SeleniumLibrary">
<msg time="2025-05-11T23:37:43.647764" level="INFO">Simulating Mouse Over on element 'id=menucss1_cs'.</msg>
<arg>id=menucss1_cs</arg>
<doc>Simulates hovering the mouse over the element ``locator``.</doc>
<status status="PASS" start="2025-05-11T23:37:43.647462" elapsed="0.311913"/>
</kw>
<kw name="Click Element" owner="SeleniumLibrary">
<msg time="2025-05-11T23:37:43.960443" level="INFO">Clicking element '//*[@id="menucss18_cs"]/a'.</msg>
<arg>//*[@id="menucss18_cs"]/a</arg>
<doc>Click the element identified by ``locator``.</doc>
<status status="PASS" start="2025-05-11T23:37:43.960041" elapsed="4.822384"/>
</kw>
<kw name="Click Element" owner="SeleniumLibrary">
<msg time="2025-05-11T23:37:48.783616" level="INFO">Clicking element '//*[@id="event_1967"]/div[1]/a'.</msg>
<arg>//*[@id="event_1967"]/div[1]/a</arg>
<doc>Click the element identified by ``locator``.</doc>
<status status="PASS" start="2025-05-11T23:37:48.783196" elapsed="1.098523"/>
</kw>
<status status="PASS" start="2025-05-11T23:37:43.646673" elapsed="6.235578"/>
</test>
<kw name="Close Browser" owner="SeleniumLibrary" type="TEARDOWN">
<doc>Closes the current browser.</doc>
<status status="PASS" start="2025-05-11T23:37:49.883820" elapsed="2.255984"/>
</kw>
<doc>Šablona Robot Framework testu</doc>
<status status="PASS" start="2025-05-11T23:37:38.654350" elapsed="13.485605"/>
</suite>
<statistics>
<total>
<stat pass="1" fail="0" skip="0">All Tests</stat>
</total>
<tag>
</tag>
<suite>
<stat name="007" id="s1" pass="1" fail="0" skip="0">007</stat>
</suite>
</statistics>
<errors>
</errors>
</robot>
