<?xml version="1.0" encoding="UTF-8"?>
<robot generator="Robot 7.2.2 (Python 3.13.1 on win32)" generated="2025-05-13T12:58:51.057735" rpa="false" schemaversion="5">
<suite id="s1" name="023" source="C:\Users\marti\Desktop\School\3.semestr\testovani software\HOTOVO\Kultura\Automatické testy\TC023\script\023.robot">
<kw name="Open Main Page" type="SETUP">
<kw name="Open Browser" owner="SeleniumLibrary">
<msg time="2025-05-13T12:58:51.576946" level="INFO">Opening browser 'Chrome' to base url 'https://www.dubnany.eu/kultura/'.</msg>
<arg>${URL6}</arg>
<arg>${BROWSER}</arg>
<doc>Opens a new browser instance to the optional ``url``.</doc>
<status status="PASS" start="2025-05-13T12:58:51.576529" elapsed="3.140081"/>
</kw>
<kw name="Maximize Browser Window" owner="SeleniumLibrary">
<doc>Maximizes current browser window.</doc>
<status status="PASS" start="2025-05-13T12:58:54.716993" elapsed="0.047710"/>
</kw>
<kw name="Wait Until Page Contains Element" owner="SeleniumLibrary">
<arg>css=nav</arg>
<arg>timeout=${TIMEOUT}</arg>
<doc>Waits until the element ``locator`` appears on the current page.</doc>
<status status="PASS" start="2025-05-13T12:58:54.765009" elapsed="0.016285"/>
</kw>
<doc>Otestuje vypnuti a zapnuti css stylu</doc>
<status status="PASS" start="2025-05-13T12:58:51.575482" elapsed="3.206012"/>
</kw>
<test id="s1-t1" name="Test přečtení nahlas" line="11">
<kw name="Click Element" owner="SeleniumLibrary">
<msg time="2025-05-13T12:58:54.782719" level="INFO">Clicking element '//*[@id="tts_wrap_0"]'.</msg>
<arg>//*[@id="tts_wrap_0"]</arg>
<doc>Click the element identified by ``locator``.</doc>
<status status="PASS" start="2025-05-13T12:58:54.782411" elapsed="0.457186"/>
</kw>
<kw name="Sleep" owner="BuiltIn">
<msg time="2025-05-13T12:58:56.241187" level="INFO">Slept 1 second.</msg>
<arg>1s</arg>
<doc>Pauses the test executed for the given time.</doc>
<status status="PASS" start="2025-05-13T12:58:55.240230" elapsed="1.001142"/>
</kw>
<status status="PASS" start="2025-05-13T12:58:54.781647" elapsed="1.460256"/>
</test>
<kw name="Close Browser" owner="SeleniumLibrary" type="TEARDOWN">
<doc>Closes the current browser.</doc>
<status status="PASS" start="2025-05-13T12:58:56.243441" elapsed="2.204548"/>
</kw>
<doc>Šablona Robot Framework testu</doc>
<status status="PASS" start="2025-05-13T12:58:51.060412" elapsed="7.387783"/>
</suite>
<statistics>
<total>
<stat pass="1" fail="0" skip="0">All Tests</stat>
</total>
<tag>
</tag>
<suite>
<stat name="023" id="s1" pass="1" fail="0" skip="0">023</stat>
</suite>
</statistics>
<errors>
</errors>
</robot>
